{"C:\\Users\\sumbn\\Desktop\\Nestjs\\ecom-nestjs\\src\\app.controller.ts": {"path":"C:\\Users\\sumbn\\Desktop\\Nestjs\\ecom-nestjs\\src\\app.controller.ts","statementMap":{"0":{"start":{"line":1,"column":0},"end":{"line":1,"column":49}},"1":{"start":{"line":2,"column":0},"end":{"line":2,"column":43}},"2":{"start":{"line":3,"column":0},"end":{"line":3,"column":51}},"3":{"start":{"line":4,"column":0},"end":{"line":4,"column":37}},"4":{"start":{"line":5,"column":0},"end":{"line":5,"column":62}},"5":{"start":{"line":12,"column":7},"end":{"line":55,"column":null}},"6":{"start":{"line":14,"column":21},"end":{"line":14,"column":33}},"7":{"start":{"line":15,"column":32},"end":{"line":15,"column":44}},"8":{"start":{"line":21,"column":4},"end":{"line":21,"column":38}},"9":{"start":{"line":37,"column":4},"end":{"line":53,"column":5}},"10":{"start":{"line":38,"column":6},"end":{"line":38,"column":46}},"11":{"start":{"line":40,"column":6},"end":{"line":45,"column":8}},"12":{"start":{"line":47,"column":6},"end":{"line":52,"column":8}},"13":{"start":{"line":12,"column":13},"end":{"line":12,"column":26}},"14":{"start":{"line":20,"column":2},"end":{"line":22,"column":null}},"15":{"start":{"line":30,"column":8},"end":{"line":54,"column":null}},"16":{"start":{"line":12,"column":13},"end":{"line":55,"column":null}}},"fnMap":{"0":{"name":"(anonymous_4)","decl":{"start":{"line":13,"column":2},"end":{"line":13,"column":null}},"loc":{"start":{"line":15,"column":54},"end":{"line":16,"column":6}}},"1":{"name":"(anonymous_5)","decl":{"start":{"line":20,"column":2},"end":{"line":20,"column":10}},"loc":{"start":{"line":20,"column":10},"end":{"line":22,"column":3}}},"2":{"name":"(anonymous_6)","decl":{"start":{"line":30,"column":8},"end":{"line":30,"column":19}},"loc":{"start":{"line":30,"column":19},"end":{"line":54,"column":3}}}},"branchMap":{},"s":{"0":5,"1":5,"2":5,"3":5,"4":5,"5":5,"6":7,"7":7,"8":1,"9":2,"10":2,"11":1,"12":1,"13":5,"14":5,"15":5,"16":5},"f":{"0":7,"1":1,"2":2},"b":{}}
,"C:\\Users\\sumbn\\Desktop\\Nestjs\\ecom-nestjs\\src\\app.module.ts": {"path":"C:\\Users\\sumbn\\Desktop\\Nestjs\\ecom-nestjs\\src\\app.module.ts","statementMap":{"0":{"start":{"line":1,"column":0},"end":{"line":1,"column":40}},"1":{"start":{"line":2,"column":0},"end":{"line":2,"column":61}},"2":{"start":{"line":3,"column":0},"end":{"line":3,"column":48}},"3":{"start":{"line":4,"column":0},"end":{"line":4,"column":70}},"4":{"start":{"line":5,"column":0},"end":{"line":5,"column":49}},"5":{"start":{"line":6,"column":0},"end":{"line":6,"column":43}},"6":{"start":{"line":7,"column":0},"end":{"line":7,"column":54}},"7":{"start":{"line":8,"column":0},"end":{"line":8,"column":51}},"8":{"start":{"line":9,"column":0},"end":{"line":9,"column":59}},"9":{"start":{"line":10,"column":0},"end":{"line":10,"column":77}},"10":{"start":{"line":11,"column":0},"end":{"line":11,"column":83}},"11":{"start":{"line":12,"column":0},"end":{"line":12,"column":56}},"12":{"start":{"line":13,"column":0},"end":{"line":13,"column":68}},"13":{"start":{"line":14,"column":0},"end":{"line":14,"column":54}},"14":{"start":{"line":15,"column":0},"end":{"line":15,"column":74}},"15":{"start":{"line":57,"column":7},"end":{"line":57,"column":null}},"16":{"start":{"line":57,"column":13},"end":{"line":57,"column":22}},"17":{"start":{"line":57,"column":13},"end":{"line":57,"column":null}},"18":{"start":{"line":30,"column":53},"end":{"line":32,"column":8}}},"fnMap":{"0":{"name":"(anonymous_1)","decl":{"start":{"line":30,"column":18},"end":{"line":30,"column":19}},"loc":{"start":{"line":30,"column":53},"end":{"line":32,"column":8}}}},"branchMap":{},"s":{"0":4,"1":4,"2":4,"3":4,"4":4,"5":4,"6":4,"7":4,"8":4,"9":4,"10":4,"11":4,"12":4,"13":4,"14":4,"15":4,"16":4,"17":4,"18":4},"f":{"0":4},"b":{}}
,"C:\\Users\\sumbn\\Desktop\\Nestjs\\ecom-nestjs\\src\\app.service.ts": {"path":"C:\\Users\\sumbn\\Desktop\\Nestjs\\ecom-nestjs\\src\\app.service.ts","statementMap":{"0":{"start":{"line":1,"column":0},"end":{"line":1,"column":44}},"1":{"start":{"line":4,"column":7},"end":{"line":8,"column":null}},"2":{"start":{"line":6,"column":4},"end":{"line":6,"column":26}},"3":{"start":{"line":4,"column":13},"end":{"line":4,"column":23}},"4":{"start":{"line":4,"column":13},"end":{"line":8,"column":null}}},"fnMap":{"0":{"name":"(anonymous_1)","decl":{"start":{"line":5,"column":2},"end":{"line":5,"column":10}},"loc":{"start":{"line":5,"column":10},"end":{"line":7,"column":3}}}},"branchMap":{},"s":{"0":5,"1":5,"2":1,"3":5,"4":5},"f":{"0":1},"b":{}}
,"C:\\Users\\sumbn\\Desktop\\Nestjs\\ecom-nestjs\\src\\main.ts": {"path":"C:\\Users\\sumbn\\Desktop\\Nestjs\\ecom-nestjs\\src\\main.ts","statementMap":{"0":{"start":{"line":7,"column":0},"end":{"line":7,"column":7}},"1":{"start":{"line":1,"column":0},"end":{"line":1,"column":43}},"2":{"start":{"line":2,"column":0},"end":{"line":2,"column":41}},"3":{"start":{"line":3,"column":0},"end":{"line":3,"column":48}},"4":{"start":{"line":5,"column":0},"end":{"line":5,"column":31}},"5":{"start":{"line":8,"column":14},"end":{"line":8,"column":49}},"6":{"start":{"line":9,"column":2},"end":{"line":9,"column":45}},"7":{"start":{"line":12,"column":2},"end":{"line":12,"column":77}},"8":{"start":{"line":14,"column":0},"end":{"line":16,"column":1}},"9":{"start":{"line":15,"column":2},"end":{"line":15,"column":19}}},"fnMap":{"0":{"name":"bootstrap","decl":{"start":{"line":7,"column":22},"end":{"line":7,"column":31}},"loc":{"start":{"line":7,"column":31},"end":{"line":10,"column":1}}}},"branchMap":{"0":{"loc":{"start":{"line":9,"column":19},"end":{"line":9,"column":43}},"type":"binary-expr","locations":[{"start":{"line":9,"column":19},"end":{"line":9,"column":35}},{"start":{"line":9,"column":39},"end":{"line":9,"column":43}}]},"1":{"loc":{"start":{"line":12,"column":2},"end":{"line":12,"column":77}},"type":"binary-expr","locations":[{"start":{"line":12,"column":2},"end":{"line":12,"column":33}},{"start":{"line":12,"column":37},"end":{"line":12,"column":77}}]},"2":{"loc":{"start":{"line":14,"column":0},"end":{"line":16,"column":1}},"type":"if","locations":[{"start":{"line":14,"column":0},"end":{"line":16,"column":1}},{"start":{},"end":{}}]}},"s":{"0":3,"1":3,"2":3,"3":3,"4":3,"5":3,"6":3,"7":3,"8":3,"9":2},"f":{"0":3},"b":{"0":[3,0],"1":[3,3],"2":[2,1]}}
,"C:\\Users\\sumbn\\Desktop\\Nestjs\\ecom-nestjs\\src\\common\\cache\\cache.memory.service.ts": {"path":"C:\\Users\\sumbn\\Desktop\\Nestjs\\ecom-nestjs\\src\\common\\cache\\cache.memory.service.ts","statementMap":{"0":{"start":{"line":1,"column":0},"end":{"line":1,"column":44}},"1":{"start":{"line":5,"column":7},"end":{"line":32,"column":null}},"2":{"start":{"line":6,"column":10},"end":{"line":6,"column":75}},"3":{"start":{"line":9,"column":18},"end":{"line":9,"column":37}},"4":{"start":{"line":10,"column":4},"end":{"line":10,"column":28}},"5":{"start":{"line":10,"column":16},"end":{"line":10,"column":28}},"6":{"start":{"line":12,"column":4},"end":{"line":15,"column":5}},"7":{"start":{"line":13,"column":6},"end":{"line":13,"column":29}},"8":{"start":{"line":14,"column":6},"end":{"line":14,"column":18}},"9":{"start":{"line":17,"column":4},"end":{"line":17,"column":28}},"10":{"start":{"line":21,"column":21},"end":{"line":21,"column":62}},"11":{"start":{"line":22,"column":4},"end":{"line":22,"column":45}},"12":{"start":{"line":26,"column":4},"end":{"line":26,"column":27}},"13":{"start":{"line":30,"column":4},"end":{"line":30,"column":23}},"14":{"start":{"line":5,"column":13},"end":{"line":5,"column":31}},"15":{"start":{"line":5,"column":13},"end":{"line":32,"column":null}}},"fnMap":{"0":{"name":"(anonymous_1)","decl":{"start":{"line":5,"column":7},"end":{"line":5,"column":13}},"loc":{"start":{"line":5,"column":7},"end":{"line":32,"column":1}}},"1":{"name":"(anonymous_2)","decl":{"start":{"line":8,"column":2},"end":{"line":8,"column":7}},"loc":{"start":{"line":8,"column":26},"end":{"line":18,"column":3}}},"2":{"name":"(anonymous_3)","decl":{"start":{"line":20,"column":2},"end":{"line":20,"column":7}},"loc":{"start":{"line":20,"column":50},"end":{"line":23,"column":3}}},"3":{"name":"(anonymous_4)","decl":{"start":{"line":25,"column":2},"end":{"line":25,"column":7}},"loc":{"start":{"line":25,"column":23},"end":{"line":27,"column":3}}},"4":{"name":"(anonymous_5)","decl":{"start":{"line":29,"column":2},"end":{"line":29,"column":7}},"loc":{"start":{"line":29,"column":13},"end":{"line":31,"column":3}}}},"branchMap":{"0":{"loc":{"start":{"line":10,"column":4},"end":{"line":10,"column":28}},"type":"if","locations":[{"start":{"line":10,"column":4},"end":{"line":10,"column":28}},{"start":{},"end":{}}]},"1":{"loc":{"start":{"line":12,"column":4},"end":{"line":15,"column":5}},"type":"if","locations":[{"start":{"line":12,"column":4},"end":{"line":15,"column":5}},{"start":{},"end":{}}]},"2":{"loc":{"start":{"line":12,"column":8},"end":{"line":12,"column":53}},"type":"binary-expr","locations":[{"start":{"line":12,"column":8},"end":{"line":12,"column":22}},{"start":{"line":12,"column":26},"end":{"line":12,"column":53}}]},"3":{"loc":{"start":{"line":21,"column":21},"end":{"line":21,"column":62}},"type":"cond-expr","locations":[{"start":{"line":21,"column":27},"end":{"line":21,"column":50}},{"start":{"line":21,"column":53},"end":{"line":21,"column":62}}]}},"s":{"0":2,"1":2,"2":15,"3":13,"4":13,"5":4,"6":9,"7":1,"8":1,"9":8,"10":13,"11":13,"12":2,"13":13,"14":2,"15":2},"f":{"0":15,"1":13,"2":13,"3":2,"4":13},"b":{"0":[4,9],"1":[1,8],"2":[9,2],"3":[2,11]}}
,"C:\\Users\\sumbn\\Desktop\\Nestjs\\ecom-nestjs\\src\\common\\cache\\cache.module.ts": {"path":"C:\\Users\\sumbn\\Desktop\\Nestjs\\ecom-nestjs\\src\\common\\cache\\cache.module.ts","statementMap":{"0":{"start":{"line":1,"column":0},"end":{"line":1,"column":65}},"1":{"start":{"line":2,"column":0},"end":{"line":2,"column":50}},"2":{"start":{"line":3,"column":0},"end":{"line":3,"column":60}},"3":{"start":{"line":6,"column":24},"end":{"line":21,"column":null}},"4":{"start":{"line":8,"column":19},"end":{"line":8,"column":55}},"5":{"start":{"line":10,"column":31},"end":{"line":13,"column":6}},"6":{"start":{"line":15,"column":4},"end":{"line":19,"column":6}},"7":{"start":{"line":6,"column":13},"end":{"line":6,"column":24}},"8":{"start":{"line":6,"column":13},"end":{"line":21,"column":null}}},"fnMap":{"0":{"name":"(anonymous_1)","decl":{"start":{"line":7,"column":2},"end":{"line":7,"column":8}},"loc":{"start":{"line":7,"column":17},"end":{"line":20,"column":3}}}},"branchMap":{"0":{"loc":{"start":{"line":8,"column":19},"end":{"line":8,"column":55}},"type":"binary-expr","locations":[{"start":{"line":8,"column":19},"end":{"line":8,"column":43}},{"start":{"line":8,"column":47},"end":{"line":8,"column":55}}]},"1":{"loc":{"start":{"line":12,"column":16},"end":{"line":12,"column":76}},"type":"cond-expr","locations":[{"start":{"line":12,"column":37},"end":{"line":12,"column":55}},{"start":{"line":12,"column":58},"end":{"line":12,"column":76}}]}},"s":{"0":1,"1":1,"2":1,"3":1,"4":3,"5":3,"6":3,"7":1,"8":1},"f":{"0":3},"b":{"0":[3,3],"1":[0,3]}}
,"C:\\Users\\sumbn\\Desktop\\Nestjs\\ecom-nestjs\\src\\common\\decorators\\current-user.decorator.ts": {"path":"C:\\Users\\sumbn\\Desktop\\Nestjs\\ecom-nestjs\\src\\common\\decorators\\current-user.decorator.ts","statementMap":{"0":{"start":{"line":1,"column":0},"end":{"line":1,"column":72}},"1":{"start":{"line":7,"column":34},"end":{"line":13,"column":1}},"2":{"start":{"line":10,"column":18},"end":{"line":10,"column":69}},"3":{"start":{"line":12,"column":2},"end":{"line":12,"column":23}},"4":{"start":{"line":7,"column":13},"end":{"line":7,"column":34}},"5":{"start":{"line":20,"column":13},"end":{"line":22,"column":2}},"6":{"start":{"line":21,"column":44},"end":{"line":21,"column":67}}},"fnMap":{"0":{"name":"(anonymous_0)","decl":{"start":{"line":7,"column":34},"end":{"line":7,"column":null}},"loc":{"start":{"line":9,"column":19},"end":{"line":13,"column":1}}},"1":{"name":"(anonymous_1)","decl":{"start":{"line":21,"column":2},"end":{"line":21,"column":3}},"loc":{"start":{"line":21,"column":44},"end":{"line":21,"column":67}}}},"branchMap":{},"s":{"0":7,"1":7,"2":3,"3":3,"4":7,"5":7,"6":0},"f":{"0":3,"1":0},"b":{}}
,"C:\\Users\\sumbn\\Desktop\\Nestjs\\ecom-nestjs\\src\\common\\decorators\\public.decorator.ts": {"path":"C:\\Users\\sumbn\\Desktop\\Nestjs\\ecom-nestjs\\src\\common\\decorators\\public.decorator.ts","statementMap":{"0":{"start":{"line":1,"column":0},"end":{"line":1,"column":45}},"1":{"start":{"line":6,"column":13},"end":{"line":6,"column":40}},"2":{"start":{"line":13,"column":22},"end":{"line":14,"column":34}},"3":{"start":{"line":14,"column":2},"end":{"line":14,"column":34}},"4":{"start":{"line":13,"column":13},"end":{"line":13,"column":22}}},"fnMap":{"0":{"name":"(anonymous_0)","decl":{"start":{"line":13,"column":22},"end":{"line":13,"column":59}},"loc":{"start":{"line":14,"column":2},"end":{"line":14,"column":34}}}},"branchMap":{},"s":{"0":10,"1":10,"2":10,"3":74,"4":10},"f":{"0":74},"b":{}}
,"C:\\Users\\sumbn\\Desktop\\Nestjs\\ecom-nestjs\\src\\common\\decorators\\roles.decorator.ts": {"path":"C:\\Users\\sumbn\\Desktop\\Nestjs\\ecom-nestjs\\src\\common\\decorators\\roles.decorator.ts","statementMap":{"0":{"start":{"line":1,"column":0},"end":{"line":1,"column":45}},"1":{"start":{"line":6,"column":13},"end":{"line":6,"column":33}},"2":{"start":{"line":13,"column":21},"end":{"line":14,"column":31}},"3":{"start":{"line":14,"column":2},"end":{"line":14,"column":31}},"4":{"start":{"line":13,"column":13},"end":{"line":13,"column":21}}},"fnMap":{"0":{"name":"(anonymous_0)","decl":{"start":{"line":13,"column":21},"end":{"line":13,"column":22}},"loc":{"start":{"line":14,"column":2},"end":{"line":14,"column":31}}}},"branchMap":{},"s":{"0":8,"1":8,"2":8,"3":43,"4":8},"f":{"0":43},"b":{}}
,"C:\\Users\\sumbn\\Desktop\\Nestjs\\ecom-nestjs\\src\\common\\dto\\translatable-content.dto.ts": {"path":"C:\\Users\\sumbn\\Desktop\\Nestjs\\ecom-nestjs\\src\\common\\dto\\translatable-content.dto.ts","statementMap":{"0":{"start":{"line":1,"column":0},"end":{"line":1,"column":67}},"1":{"start":{"line":16,"column":0},"end":{"line":16,"column":13}},"2":{"start":{"line":20,"column":2},"end":{"line":20,"column":null}},"3":{"start":{"line":17,"column":21},"end":{"line":17,"column":48}},"4":{"start":{"line":25,"column":2},"end":{"line":25,"column":null}},"5":{"start":{"line":22,"column":21},"end":{"line":22,"column":48}}},"fnMap":{"0":{"name":"(anonymous_2)","decl":{"start":{"line":17,"column":14},"end":{"line":17,"column":15}},"loc":{"start":{"line":17,"column":21},"end":{"line":17,"column":48}}},"1":{"name":"(anonymous_3)","decl":{"start":{"line":22,"column":14},"end":{"line":22,"column":15}},"loc":{"start":{"line":22,"column":21},"end":{"line":22,"column":48}}}},"branchMap":{"0":{"loc":{"start":{"line":17,"column":21},"end":{"line":17,"column":48}},"type":"binary-expr","locations":[{"start":{"line":17,"column":21},"end":{"line":17,"column":39}},{"start":{"line":17,"column":43},"end":{"line":17,"column":48}}]},"1":{"loc":{"start":{"line":22,"column":21},"end":{"line":22,"column":48}},"type":"binary-expr","locations":[{"start":{"line":22,"column":21},"end":{"line":22,"column":39}},{"start":{"line":22,"column":43},"end":{"line":22,"column":48}}]}},"s":{"0":8,"1":8,"2":8,"3":20,"4":8,"5":20},"f":{"0":20,"1":20},"b":{"0":[20,2],"1":[20,13]}}
,"C:\\Users\\sumbn\\Desktop\\Nestjs\\ecom-nestjs\\src\\common\\filters\\http-exception.filter.ts": {"path":"C:\\Users\\sumbn\\Desktop\\Nestjs\\ecom-nestjs\\src\\common\\filters\\http-exception.filter.ts","statementMap":{"0":{"start":{"line":1,"column":0},"end":{"line":1,"column":null}},"1":{"start":{"line":18,"column":32},"end":{"line":71,"column":null}},"2":{"start":{"line":19,"column":19},"end":{"line":19,"column":65}},"3":{"start":{"line":22,"column":16},"end":{"line":22,"column":35}},"4":{"start":{"line":23,"column":21},"end":{"line":23,"column":48}},"5":{"start":{"line":24,"column":20},"end":{"line":24,"column":45}},"6":{"start":{"line":26,"column":17},"end":{"line":26,"column":49}},"7":{"start":{"line":27,"column":37},"end":{"line":27,"column":60}},"8":{"start":{"line":28,"column":26},"end":{"line":28,"column":30}},"9":{"start":{"line":30,"column":4},"end":{"line":46,"column":5}},"10":{"start":{"line":31,"column":6},"end":{"line":31,"column":37}},"11":{"start":{"line":32,"column":32},"end":{"line":32,"column":55}},"12":{"start":{"line":34,"column":6},"end":{"line":43,"column":7}},"13":{"start":{"line":35,"column":28},"end":{"line":35,"column":null}},"14":{"start":{"line":39,"column":8},"end":{"line":39,"column":59}},"15":{"start":{"line":40,"column":8},"end":{"line":40,"column":44}},"16":{"start":{"line":42,"column":8},"end":{"line":42,"column":46}},"17":{"start":{"line":44,"column":11},"end":{"line":46,"column":5}},"18":{"start":{"line":45,"column":6},"end":{"line":45,"column":34}},"19":{"start":{"line":49,"column":4},"end":{"line":54,"column":5}},"20":{"start":{"line":50,"column":6},"end":{"line":53,"column":8}},"21":{"start":{"line":57,"column":26},"end":{"line":67,"column":6}},"22":{"start":{"line":69,"column":4},"end":{"line":69,"column":48}},"23":{"start":{"line":18,"column":13},"end":{"line":18,"column":32}},"24":{"start":{"line":18,"column":13},"end":{"line":71,"column":null}}},"fnMap":{"0":{"name":"(anonymous_1)","decl":{"start":{"line":18,"column":7},"end":{"line":18,"column":13}},"loc":{"start":{"line":18,"column":7},"end":{"line":71,"column":1}}},"1":{"name":"(anonymous_2)","decl":{"start":{"line":21,"column":2},"end":{"line":21,"column":7}},"loc":{"start":{"line":21,"column":47},"end":{"line":70,"column":3}}}},"branchMap":{"0":{"loc":{"start":{"line":30,"column":4},"end":{"line":46,"column":5}},"type":"if","locations":[{"start":{"line":30,"column":4},"end":{"line":46,"column":5}},{"start":{"line":44,"column":11},"end":{"line":46,"column":5}}]},"1":{"loc":{"start":{"line":34,"column":6},"end":{"line":43,"column":7}},"type":"if","locations":[{"start":{"line":34,"column":6},"end":{"line":43,"column":7}},{"start":{"line":41,"column":13},"end":{"line":43,"column":7}}]},"2":{"loc":{"start":{"line":34,"column":10},"end":{"line":34,"column":77}},"type":"binary-expr","locations":[{"start":{"line":34,"column":10},"end":{"line":34,"column":47}},{"start":{"line":34,"column":51},"end":{"line":34,"column":77}}]},"3":{"loc":{"start":{"line":39,"column":18},"end":{"line":39,"column":58}},"type":"binary-expr","locations":[{"start":{"line":39,"column":18},"end":{"line":39,"column":37}},{"start":{"line":39,"column":41},"end":{"line":39,"column":58}}]},"4":{"loc":{"start":{"line":40,"column":17},"end":{"line":40,"column":43}},"type":"binary-expr","locations":[{"start":{"line":40,"column":17},"end":{"line":40,"column":35}},{"start":{"line":40,"column":39},"end":{"line":40,"column":43}}]},"5":{"loc":{"start":{"line":44,"column":11},"end":{"line":46,"column":5}},"type":"if","locations":[{"start":{"line":44,"column":11},"end":{"line":46,"column":5}},{"start":{},"end":{}}]},"6":{"loc":{"start":{"line":49,"column":4},"end":{"line":54,"column":5}},"type":"if","locations":[{"start":{"line":49,"column":4},"end":{"line":54,"column":5}},{"start":{},"end":{}}]},"7":{"loc":{"start":{"line":52,"column":8},"end":{"line":52,"column":64}},"type":"cond-expr","locations":[{"start":{"line":52,"column":37},"end":{"line":52,"column":52}},{"start":{"line":52,"column":55},"end":{"line":52,"column":64}}]},"8":{"loc":{"start":{"line":62,"column":15},"end":{"line":62,"column":59}},"type":"cond-expr","locations":[{"start":{"line":62,"column":40},"end":{"line":62,"column":47}},{"start":{"line":62,"column":50},"end":{"line":62,"column":59}}]},"9":{"loc":{"start":{"line":63,"column":10},"end":{"line":63,"column":30}},"type":"binary-expr","locations":[{"start":{"line":63,"column":10},"end":{"line":63,"column":16}},{"start":{"line":63,"column":20},"end":{"line":63,"column":30}}]},"10":{"loc":{"start":{"line":65,"column":10},"end":{"line":66,"column":64}},"type":"binary-expr","locations":[{"start":{"line":65,"column":10},"end":{"line":65,"column":48}},{"start":{"line":66,"column":8},"end":{"line":66,"column":34}},{"start":{"line":66,"column":38},"end":{"line":66,"column":64}}]}},"s":{"0":5,"1":5,"2":14,"3":14,"4":14,"5":14,"6":14,"7":14,"8":14,"9":14,"10":10,"11":10,"12":10,"13":2,"14":2,"15":2,"16":8,"17":4,"18":3,"19":14,"20":1,"21":14,"22":14,"23":5,"24":5},"f":{"0":14,"1":14},"b":{"0":[10,4],"1":[2,8],"2":[10,2],"3":[2,0],"4":[2,1],"5":[3,1],"6":[1,13],"7":[1,0],"8":[2,12],"9":[14,1],"10":[14,1,1]}}
,"C:\\Users\\sumbn\\Desktop\\Nestjs\\ecom-nestjs\\src\\common\\interceptors\\transform.interceptor.ts": {"path":"C:\\Users\\sumbn\\Desktop\\Nestjs\\ecom-nestjs\\src\\common\\interceptors\\transform.interceptor.ts","statementMap":{"0":{"start":{"line":1,"column":0},"end":{"line":1,"column":null}},"1":{"start":{"line":8,"column":0},"end":{"line":8,"column":37}},"2":{"start":{"line":9,"column":0},"end":{"line":9,"column":49}},"3":{"start":{"line":27,"column":7},"end":{"line":41,"column":null}},"4":{"start":{"line":32,"column":4},"end":{"line":39,"column":6}},"5":{"start":{"line":33,"column":21},"end":{"line":38,"column":8}},"6":{"start":{"line":27,"column":13},"end":{"line":27,"column":33}},"7":{"start":{"line":27,"column":13},"end":{"line":41,"column":null}}},"fnMap":{"0":{"name":"(anonymous_1)","decl":{"start":{"line":28,"column":2},"end":{"line":28,"column":11}},"loc":{"start":{"line":30,"column":21},"end":{"line":40,"column":3}}},"1":{"name":"(anonymous_2)","decl":{"start":{"line":33,"column":10},"end":{"line":33,"column":11}},"loc":{"start":{"line":33,"column":21},"end":{"line":38,"column":8}}}},"branchMap":{},"s":{"0":5,"1":5,"2":5,"3":5,"4":12,"5":12,"6":5,"7":5},"f":{"0":12,"1":12},"b":{}}
,"C:\\Users\\sumbn\\Desktop\\Nestjs\\ecom-nestjs\\src\\common\\logger\\logger.console.service.ts": {"path":"C:\\Users\\sumbn\\Desktop\\Nestjs\\ecom-nestjs\\src\\common\\logger\\logger.console.service.ts","statementMap":{"0":{"start":{"line":1,"column":0},"end":{"line":1,"column":80}},"1":{"start":{"line":2,"column":0},"end":{"line":2,"column":72}},"2":{"start":{"line":9,"column":7},"end":{"line":159,"column":null}},"3":{"start":{"line":10,"column":10},"end":{"line":14,"column":9}},"4":{"start":{"line":19,"column":19},"end":{"line":29,"column":4}},"5":{"start":{"line":32,"column":18},"end":{"line":32,"column":71}},"6":{"start":{"line":33,"column":4},"end":{"line":33,"column":58}},"7":{"start":{"line":37,"column":18},"end":{"line":37,"column":70}},"8":{"start":{"line":38,"column":4},"end":{"line":38,"column":44}},"9":{"start":{"line":42,"column":18},"end":{"line":42,"column":69}},"10":{"start":{"line":43,"column":4},"end":{"line":43,"column":43}},"11":{"start":{"line":47,"column":4},"end":{"line":47,"column":54}},"12":{"start":{"line":47,"column":47},"end":{"line":47,"column":54}},"13":{"start":{"line":48,"column":18},"end":{"line":48,"column":71}},"14":{"start":{"line":49,"column":4},"end":{"line":49,"column":45}},"15":{"start":{"line":53,"column":4},"end":{"line":53,"column":54}},"16":{"start":{"line":53,"column":47},"end":{"line":53,"column":54}},"17":{"start":{"line":54,"column":18},"end":{"line":54,"column":73}},"18":{"start":{"line":55,"column":4},"end":{"line":55,"column":43}},"19":{"start":{"line":59,"column":4},"end":{"line":59,"column":39}},"20":{"start":{"line":63,"column":4},"end":{"line":63,"column":33}},"21":{"start":{"line":67,"column":4},"end":{"line":69,"column":5}},"22":{"start":{"line":68,"column":6},"end":{"line":68,"column":33}},"23":{"start":{"line":70,"column":4},"end":{"line":70,"column":63}},"24":{"start":{"line":74,"column":4},"end":{"line":74,"column":22}},"25":{"start":{"line":85,"column":4},"end":{"line":93,"column":6}},"26":{"start":{"line":100,"column":28},"end":{"line":103,"column":6}},"27":{"start":{"line":105,"column":4},"end":{"line":107,"column":5}},"28":{"start":{"line":106,"column":6},"end":{"line":106,"column":39}},"29":{"start":{"line":109,"column":4},"end":{"line":111,"column":5}},"30":{"start":{"line":110,"column":6},"end":{"line":110,"column":48}},"31":{"start":{"line":113,"column":4},"end":{"line":115,"column":5}},"32":{"start":{"line":114,"column":6},"end":{"line":114,"column":46}},"33":{"start":{"line":117,"column":4},"end":{"line":117,"column":30}},"34":{"start":{"line":119,"column":4},"end":{"line":121,"column":5}},"35":{"start":{"line":120,"column":6},"end":{"line":120,"column":58}},"36":{"start":{"line":123,"column":4},"end":{"line":123,"column":27}},"37":{"start":{"line":130,"column":4},"end":{"line":132,"column":5}},"38":{"start":{"line":131,"column":6},"end":{"line":131,"column":18}},"39":{"start":{"line":134,"column":4},"end":{"line":136,"column":5}},"40":{"start":{"line":135,"column":6},"end":{"line":135,"column":62}},"41":{"start":{"line":135,"column":32},"end":{"line":135,"column":60}},"42":{"start":{"line":138,"column":19},"end":{"line":138,"column":30}},"43":{"start":{"line":139,"column":4},"end":{"line":145,"column":5}},"44":{"start":{"line":140,"column":6},"end":{"line":144,"column":7}},"45":{"start":{"line":141,"column":8},"end":{"line":141,"column":37}},"46":{"start":{"line":142,"column":13},"end":{"line":144,"column":7}},"47":{"start":{"line":143,"column":8},"end":{"line":143,"column":58}},"48":{"start":{"line":147,"column":4},"end":{"line":147,"column":18}},"49":{"start":{"line":154,"column":27},"end":{"line":154,"column":50}},"50":{"start":{"line":155,"column":4},"end":{"line":157,"column":6}},"51":{"start":{"line":156,"column":6},"end":{"line":156,"column":54}},"52":{"start":{"line":9,"column":13},"end":{"line":9,"column":33}},"53":{"start":{"line":9,"column":13},"end":{"line":159,"column":null}}},"fnMap":{"0":{"name":"(anonymous_1)","decl":{"start":{"line":9,"column":7},"end":{"line":9,"column":13}},"loc":{"start":{"line":9,"column":7},"end":{"line":159,"column":1}}},"1":{"name":"(anonymous_2)","decl":{"start":{"line":31,"column":2},"end":{"line":31,"column":7}},"loc":{"start":{"line":31,"column":57},"end":{"line":34,"column":3}}},"2":{"name":"(anonymous_3)","decl":{"start":{"line":36,"column":2},"end":{"line":36,"column":6}},"loc":{"start":{"line":36,"column":40},"end":{"line":39,"column":3}}},"3":{"name":"(anonymous_4)","decl":{"start":{"line":41,"column":2},"end":{"line":41,"column":5}},"loc":{"start":{"line":41,"column":39},"end":{"line":44,"column":3}}},"4":{"name":"(anonymous_5)","decl":{"start":{"line":46,"column":2},"end":{"line":46,"column":7}},"loc":{"start":{"line":46,"column":41},"end":{"line":50,"column":3}}},"5":{"name":"(anonymous_6)","decl":{"start":{"line":52,"column":2},"end":{"line":52,"column":9}},"loc":{"start":{"line":52,"column":43},"end":{"line":56,"column":3}}},"6":{"name":"(anonymous_7)","decl":{"start":{"line":58,"column":2},"end":{"line":58,"column":14}},"loc":{"start":{"line":58,"column":32},"end":{"line":60,"column":3}}},"7":{"name":"(anonymous_8)","decl":{"start":{"line":62,"column":2},"end":{"line":62,"column":11}},"loc":{"start":{"line":62,"column":26},"end":{"line":64,"column":3}}},"8":{"name":"(anonymous_9)","decl":{"start":{"line":66,"column":2},"end":{"line":66,"column":13}},"loc":{"start":{"line":66,"column":41},"end":{"line":71,"column":3}}},"9":{"name":"(anonymous_10)","decl":{"start":{"line":73,"column":2},"end":{"line":73,"column":14}},"loc":{"start":{"line":73,"column":14},"end":{"line":75,"column":3}}},"10":{"name":"(anonymous_11)","decl":{"start":{"line":80,"column":10},"end":{"line":80,"column":24}},"loc":{"start":{"line":83,"column":20},"end":{"line":94,"column":3}}},"11":{"name":"(anonymous_12)","decl":{"start":{"line":99,"column":10},"end":{"line":99,"column":23}},"loc":{"start":{"line":99,"column":39},"end":{"line":124,"column":3}}},"12":{"name":"(anonymous_13)","decl":{"start":{"line":129,"column":10},"end":{"line":129,"column":27}},"loc":{"start":{"line":129,"column":41},"end":{"line":148,"column":3}}},"13":{"name":"(anonymous_14)","decl":{"start":{"line":135,"column":22},"end":{"line":135,"column":23}},"loc":{"start":{"line":135,"column":32},"end":{"line":135,"column":60}}},"14":{"name":"(anonymous_15)","decl":{"start":{"line":153,"column":10},"end":{"line":153,"column":26}},"loc":{"start":{"line":153,"column":44},"end":{"line":158,"column":3}}},"15":{"name":"(anonymous_16)","decl":{"start":{"line":155,"column":37},"end":{"line":155,"column":38}},"loc":{"start":{"line":156,"column":6},"end":{"line":156,"column":54}}}},"branchMap":{"0":{"loc":{"start":{"line":33,"column":45},"end":{"line":33,"column":56}},"type":"binary-expr","locations":[{"start":{"line":33,"column":45},"end":{"line":33,"column":50}},{"start":{"line":33,"column":54},"end":{"line":33,"column":56}}]},"1":{"loc":{"start":{"line":47,"column":4},"end":{"line":47,"column":54}},"type":"if","locations":[{"start":{"line":47,"column":4},"end":{"line":47,"column":54}},{"start":{},"end":{}}]},"2":{"loc":{"start":{"line":53,"column":4},"end":{"line":53,"column":54}},"type":"if","locations":[{"start":{"line":53,"column":4},"end":{"line":53,"column":54}},{"start":{},"end":{}}]},"3":{"loc":{"start":{"line":67,"column":4},"end":{"line":69,"column":5}},"type":"if","locations":[{"start":{"line":67,"column":4},"end":{"line":69,"column":5}},{"start":{},"end":{}}]},"4":{"loc":{"start":{"line":105,"column":4},"end":{"line":107,"column":5}},"type":"if","locations":[{"start":{"line":105,"column":4},"end":{"line":107,"column":5}},{"start":{},"end":{}}]},"5":{"loc":{"start":{"line":109,"column":4},"end":{"line":111,"column":5}},"type":"if","locations":[{"start":{"line":109,"column":4},"end":{"line":111,"column":5}},{"start":{},"end":{}}]},"6":{"loc":{"start":{"line":113,"column":4},"end":{"line":115,"column":5}},"type":"if","locations":[{"start":{"line":113,"column":4},"end":{"line":115,"column":5}},{"start":{},"end":{}}]},"7":{"loc":{"start":{"line":119,"column":4},"end":{"line":121,"column":5}},"type":"if","locations":[{"start":{"line":119,"column":4},"end":{"line":121,"column":5}},{"start":{},"end":{}}]},"8":{"loc":{"start":{"line":119,"column":8},"end":{"line":119,"column":64}},"type":"binary-expr","locations":[{"start":{"line":119,"column":8},"end":{"line":119,"column":22}},{"start":{"line":119,"column":26},"end":{"line":119,"column":64}}]},"9":{"loc":{"start":{"line":130,"column":4},"end":{"line":132,"column":5}},"type":"if","locations":[{"start":{"line":130,"column":4},"end":{"line":132,"column":5}},{"start":{},"end":{}}]},"10":{"loc":{"start":{"line":130,"column":8},"end":{"line":130,"column":49}},"type":"binary-expr","locations":[{"start":{"line":130,"column":8},"end":{"line":130,"column":32}},{"start":{"line":130,"column":36},"end":{"line":130,"column":49}}]},"11":{"loc":{"start":{"line":134,"column":4},"end":{"line":136,"column":5}},"type":"if","locations":[{"start":{"line":134,"column":4},"end":{"line":136,"column":5}},{"start":{},"end":{}}]},"12":{"loc":{"start":{"line":140,"column":6},"end":{"line":144,"column":7}},"type":"if","locations":[{"start":{"line":140,"column":6},"end":{"line":144,"column":7}},{"start":{"line":142,"column":13},"end":{"line":144,"column":7}}]},"13":{"loc":{"start":{"line":142,"column":13},"end":{"line":144,"column":7}},"type":"if","locations":[{"start":{"line":142,"column":13},"end":{"line":144,"column":7}},{"start":{},"end":{}}]}},"s":{"0":3,"1":3,"2":3,"3":22,"4":22,"5":2,"6":2,"7":2,"8":2,"9":10,"10":10,"11":4,"12":2,"13":2,"14":2,"15":2,"16":1,"17":1,"18":1,"19":5,"20":5,"21":8,"22":6,"23":8,"24":15,"25":17,"26":17,"27":17,"28":9,"29":17,"30":3,"31":17,"32":3,"33":17,"34":17,"35":5,"36":17,"37":12,"38":5,"39":7,"40":2,"41":3,"42":5,"43":5,"44":10,"45":6,"46":4,"47":1,"48":5,"49":10,"50":10,"51":55,"52":3,"53":3},"f":{"0":22,"1":2,"2":2,"3":10,"4":4,"5":2,"6":5,"7":5,"8":8,"9":15,"10":17,"11":17,"12":12,"13":3,"14":10,"15":55},"b":{"0":[2,0],"1":[2,2],"2":[1,1],"3":[6,2],"4":[9,8],"5":[3,14],"6":[3,14],"7":[5,12],"8":[17,5],"9":[5,7],"10":[12,7],"11":[2,5],"12":[6,4],"13":[1,3]}}
,"C:\\Users\\sumbn\\Desktop\\Nestjs\\ecom-nestjs\\src\\common\\logger\\logger.file.service.ts": {"path":"C:\\Users\\sumbn\\Desktop\\Nestjs\\ecom-nestjs\\src\\common\\logger\\logger.file.service.ts","statementMap":{"0":{"start":{"line":1,"column":0},"end":{"line":1,"column":80}},"1":{"start":{"line":2,"column":0},"end":{"line":2,"column":72}},"2":{"start":{"line":3,"column":0},"end":{"line":3,"column":25}},"3":{"start":{"line":4,"column":0},"end":{"line":4,"column":29}},"4":{"start":{"line":11,"column":7},"end":{"line":217,"column":null}},"5":{"start":{"line":12,"column":10},"end":{"line":16,"column":9}},"6":{"start":{"line":20,"column":19},"end":{"line":30,"column":4}},"7":{"start":{"line":33,"column":4},"end":{"line":33,"column":74}},"8":{"start":{"line":34,"column":4},"end":{"line":34,"column":76}},"9":{"start":{"line":35,"column":4},"end":{"line":35,"column":30}},"10":{"start":{"line":39,"column":18},"end":{"line":39,"column":71}},"11":{"start":{"line":40,"column":4},"end":{"line":42,"column":5}},"12":{"start":{"line":41,"column":6},"end":{"line":41,"column":52}},"13":{"start":{"line":43,"column":4},"end":{"line":43,"column":34}},"14":{"start":{"line":45,"column":4},"end":{"line":45,"column":65}},"15":{"start":{"line":49,"column":18},"end":{"line":49,"column":70}},"16":{"start":{"line":50,"column":4},"end":{"line":50,"column":33}},"17":{"start":{"line":54,"column":18},"end":{"line":54,"column":69}},"18":{"start":{"line":55,"column":4},"end":{"line":55,"column":33}},"19":{"start":{"line":59,"column":4},"end":{"line":59,"column":54}},"20":{"start":{"line":59,"column":47},"end":{"line":59,"column":54}},"21":{"start":{"line":60,"column":18},"end":{"line":60,"column":71}},"22":{"start":{"line":61,"column":4},"end":{"line":61,"column":34}},"23":{"start":{"line":65,"column":4},"end":{"line":65,"column":54}},"24":{"start":{"line":65,"column":47},"end":{"line":65,"column":54}},"25":{"start":{"line":66,"column":18},"end":{"line":66,"column":73}},"26":{"start":{"line":67,"column":4},"end":{"line":67,"column":36}},"27":{"start":{"line":71,"column":4},"end":{"line":71,"column":39}},"28":{"start":{"line":75,"column":4},"end":{"line":75,"column":33}},"29":{"start":{"line":79,"column":4},"end":{"line":81,"column":5}},"30":{"start":{"line":80,"column":6},"end":{"line":80,"column":33}},"31":{"start":{"line":82,"column":4},"end":{"line":82,"column":63}},"32":{"start":{"line":86,"column":4},"end":{"line":86,"column":22}},"33":{"start":{"line":97,"column":4},"end":{"line":105,"column":6}},"34":{"start":{"line":112,"column":4},"end":{"line":129,"column":5}},"35":{"start":{"line":113,"column":22},"end":{"line":113,"column":51}},"36":{"start":{"line":114,"column":22},"end":{"line":114,"column":50}},"37":{"start":{"line":117,"column":6},"end":{"line":122,"column":7}},"38":{"start":{"line":118,"column":22},"end":{"line":118,"column":42}},"39":{"start":{"line":119,"column":8},"end":{"line":121,"column":9}},"40":{"start":{"line":120,"column":10},"end":{"line":120,"column":38}},"41":{"start":{"line":124,"column":6},"end":{"line":124,"column":50}},"42":{"start":{"line":127,"column":6},"end":{"line":127,"column":59}},"43":{"start":{"line":128,"column":6},"end":{"line":128,"column":54}},"44":{"start":{"line":136,"column":17},"end":{"line":136,"column":55}},"45":{"start":{"line":137,"column":4},"end":{"line":137,"column":61}},"46":{"start":{"line":144,"column":22},"end":{"line":144,"column":32}},"47":{"start":{"line":145,"column":24},"end":{"line":145,"column":68}},"48":{"start":{"line":146,"column":4},"end":{"line":146,"column":40}},"49":{"start":{"line":153,"column":4},"end":{"line":155,"column":5}},"50":{"start":{"line":154,"column":6},"end":{"line":154,"column":53}},"51":{"start":{"line":162,"column":28},"end":{"line":165,"column":6}},"52":{"start":{"line":167,"column":4},"end":{"line":169,"column":5}},"53":{"start":{"line":168,"column":6},"end":{"line":168,"column":39}},"54":{"start":{"line":171,"column":4},"end":{"line":173,"column":5}},"55":{"start":{"line":172,"column":6},"end":{"line":172,"column":48}},"56":{"start":{"line":175,"column":4},"end":{"line":177,"column":5}},"57":{"start":{"line":176,"column":6},"end":{"line":176,"column":46}},"58":{"start":{"line":179,"column":4},"end":{"line":179,"column":30}},"59":{"start":{"line":181,"column":4},"end":{"line":181,"column":27}},"60":{"start":{"line":188,"column":4},"end":{"line":190,"column":5}},"61":{"start":{"line":189,"column":6},"end":{"line":189,"column":18}},"62":{"start":{"line":192,"column":4},"end":{"line":194,"column":5}},"63":{"start":{"line":193,"column":6},"end":{"line":193,"column":62}},"64":{"start":{"line":193,"column":32},"end":{"line":193,"column":60}},"65":{"start":{"line":196,"column":19},"end":{"line":196,"column":30}},"66":{"start":{"line":197,"column":4},"end":{"line":203,"column":5}},"67":{"start":{"line":198,"column":6},"end":{"line":202,"column":7}},"68":{"start":{"line":199,"column":8},"end":{"line":199,"column":37}},"69":{"start":{"line":200,"column":13},"end":{"line":202,"column":7}},"70":{"start":{"line":201,"column":8},"end":{"line":201,"column":58}},"71":{"start":{"line":205,"column":4},"end":{"line":205,"column":18}},"72":{"start":{"line":212,"column":27},"end":{"line":212,"column":50}},"73":{"start":{"line":213,"column":4},"end":{"line":215,"column":6}},"74":{"start":{"line":214,"column":6},"end":{"line":214,"column":54}},"75":{"start":{"line":11,"column":13},"end":{"line":11,"column":30}},"76":{"start":{"line":11,"column":13},"end":{"line":217,"column":null}}},"fnMap":{"0":{"name":"(anonymous_2)","decl":{"start":{"line":32,"column":2},"end":{"line":32,"column":null}},"loc":{"start":{"line":32,"column":2},"end":{"line":36,"column":3}}},"1":{"name":"(anonymous_3)","decl":{"start":{"line":38,"column":2},"end":{"line":38,"column":7}},"loc":{"start":{"line":38,"column":57},"end":{"line":46,"column":3}}},"2":{"name":"(anonymous_4)","decl":{"start":{"line":48,"column":2},"end":{"line":48,"column":6}},"loc":{"start":{"line":48,"column":40},"end":{"line":51,"column":3}}},"3":{"name":"(anonymous_5)","decl":{"start":{"line":53,"column":2},"end":{"line":53,"column":5}},"loc":{"start":{"line":53,"column":39},"end":{"line":56,"column":3}}},"4":{"name":"(anonymous_6)","decl":{"start":{"line":58,"column":2},"end":{"line":58,"column":7}},"loc":{"start":{"line":58,"column":41},"end":{"line":62,"column":3}}},"5":{"name":"(anonymous_7)","decl":{"start":{"line":64,"column":2},"end":{"line":64,"column":9}},"loc":{"start":{"line":64,"column":43},"end":{"line":68,"column":3}}},"6":{"name":"(anonymous_8)","decl":{"start":{"line":70,"column":2},"end":{"line":70,"column":14}},"loc":{"start":{"line":70,"column":32},"end":{"line":72,"column":3}}},"7":{"name":"(anonymous_9)","decl":{"start":{"line":74,"column":2},"end":{"line":74,"column":11}},"loc":{"start":{"line":74,"column":26},"end":{"line":76,"column":3}}},"8":{"name":"(anonymous_10)","decl":{"start":{"line":78,"column":2},"end":{"line":78,"column":13}},"loc":{"start":{"line":78,"column":41},"end":{"line":83,"column":3}}},"9":{"name":"(anonymous_11)","decl":{"start":{"line":85,"column":2},"end":{"line":85,"column":14}},"loc":{"start":{"line":85,"column":14},"end":{"line":87,"column":3}}},"10":{"name":"(anonymous_12)","decl":{"start":{"line":92,"column":10},"end":{"line":92,"column":24}},"loc":{"start":{"line":95,"column":20},"end":{"line":106,"column":3}}},"11":{"name":"(anonymous_13)","decl":{"start":{"line":111,"column":10},"end":{"line":111,"column":18}},"loc":{"start":{"line":111,"column":52},"end":{"line":130,"column":3}}},"12":{"name":"(anonymous_14)","decl":{"start":{"line":135,"column":10},"end":{"line":135,"column":24}},"loc":{"start":{"line":135,"column":41},"end":{"line":138,"column":3}}},"13":{"name":"(anonymous_15)","decl":{"start":{"line":143,"column":10},"end":{"line":143,"column":23}},"loc":{"start":{"line":143,"column":39},"end":{"line":147,"column":3}}},"14":{"name":"(anonymous_16)","decl":{"start":{"line":152,"column":10},"end":{"line":152,"column":28}},"loc":{"start":{"line":152,"column":28},"end":{"line":156,"column":3}}},"15":{"name":"(anonymous_17)","decl":{"start":{"line":161,"column":10},"end":{"line":161,"column":30}},"loc":{"start":{"line":161,"column":46},"end":{"line":182,"column":3}}},"16":{"name":"(anonymous_18)","decl":{"start":{"line":187,"column":10},"end":{"line":187,"column":27}},"loc":{"start":{"line":187,"column":41},"end":{"line":206,"column":3}}},"17":{"name":"(anonymous_19)","decl":{"start":{"line":193,"column":22},"end":{"line":193,"column":23}},"loc":{"start":{"line":193,"column":32},"end":{"line":193,"column":60}}},"18":{"name":"(anonymous_20)","decl":{"start":{"line":211,"column":10},"end":{"line":211,"column":26}},"loc":{"start":{"line":211,"column":44},"end":{"line":216,"column":3}}},"19":{"name":"(anonymous_21)","decl":{"start":{"line":213,"column":37},"end":{"line":213,"column":38}},"loc":{"start":{"line":214,"column":6},"end":{"line":214,"column":54}}}},"branchMap":{"0":{"loc":{"start":{"line":33,"column":18},"end":{"line":33,"column":73}},"type":"binary-expr","locations":[{"start":{"line":33,"column":18},"end":{"line":33,"column":37}},{"start":{"line":33,"column":41},"end":{"line":33,"column":73}}]},"1":{"loc":{"start":{"line":34,"column":32},"end":{"line":34,"column":70}},"type":"binary-expr","locations":[{"start":{"line":34,"column":32},"end":{"line":34,"column":56}},{"start":{"line":34,"column":60},"end":{"line":34,"column":70}}]},"2":{"loc":{"start":{"line":40,"column":4},"end":{"line":42,"column":5}},"type":"if","locations":[{"start":{"line":40,"column":4},"end":{"line":42,"column":5}},{"start":{},"end":{}}]},"3":{"loc":{"start":{"line":45,"column":52},"end":{"line":45,"column":63}},"type":"binary-expr","locations":[{"start":{"line":45,"column":52},"end":{"line":45,"column":57}},{"start":{"line":45,"column":61},"end":{"line":45,"column":63}}]},"4":{"loc":{"start":{"line":59,"column":4},"end":{"line":59,"column":54}},"type":"if","locations":[{"start":{"line":59,"column":4},"end":{"line":59,"column":54}},{"start":{},"end":{}}]},"5":{"loc":{"start":{"line":65,"column":4},"end":{"line":65,"column":54}},"type":"if","locations":[{"start":{"line":65,"column":4},"end":{"line":65,"column":54}},{"start":{},"end":{}}]},"6":{"loc":{"start":{"line":79,"column":4},"end":{"line":81,"column":5}},"type":"if","locations":[{"start":{"line":79,"column":4},"end":{"line":81,"column":5}},{"start":{},"end":{}}]},"7":{"loc":{"start":{"line":117,"column":6},"end":{"line":122,"column":7}},"type":"if","locations":[{"start":{"line":117,"column":6},"end":{"line":122,"column":7}},{"start":{},"end":{}}]},"8":{"loc":{"start":{"line":119,"column":8},"end":{"line":121,"column":9}},"type":"if","locations":[{"start":{"line":119,"column":8},"end":{"line":121,"column":9}},{"start":{},"end":{}}]},"9":{"loc":{"start":{"line":153,"column":4},"end":{"line":155,"column":5}},"type":"if","locations":[{"start":{"line":153,"column":4},"end":{"line":155,"column":5}},{"start":{},"end":{}}]},"10":{"loc":{"start":{"line":167,"column":4},"end":{"line":169,"column":5}},"type":"if","locations":[{"start":{"line":167,"column":4},"end":{"line":169,"column":5}},{"start":{},"end":{}}]},"11":{"loc":{"start":{"line":171,"column":4},"end":{"line":173,"column":5}},"type":"if","locations":[{"start":{"line":171,"column":4},"end":{"line":173,"column":5}},{"start":{},"end":{}}]},"12":{"loc":{"start":{"line":175,"column":4},"end":{"line":177,"column":5}},"type":"if","locations":[{"start":{"line":175,"column":4},"end":{"line":177,"column":5}},{"start":{},"end":{}}]},"13":{"loc":{"start":{"line":188,"column":4},"end":{"line":190,"column":5}},"type":"if","locations":[{"start":{"line":188,"column":4},"end":{"line":190,"column":5}},{"start":{},"end":{}}]},"14":{"loc":{"start":{"line":188,"column":8},"end":{"line":188,"column":49}},"type":"binary-expr","locations":[{"start":{"line":188,"column":8},"end":{"line":188,"column":32}},{"start":{"line":188,"column":36},"end":{"line":188,"column":49}}]},"15":{"loc":{"start":{"line":192,"column":4},"end":{"line":194,"column":5}},"type":"if","locations":[{"start":{"line":192,"column":4},"end":{"line":194,"column":5}},{"start":{},"end":{}}]},"16":{"loc":{"start":{"line":198,"column":6},"end":{"line":202,"column":7}},"type":"if","locations":[{"start":{"line":198,"column":6},"end":{"line":202,"column":7}},{"start":{"line":200,"column":13},"end":{"line":202,"column":7}}]},"17":{"loc":{"start":{"line":200,"column":13},"end":{"line":202,"column":7}},"type":"if","locations":[{"start":{"line":200,"column":13},"end":{"line":202,"column":7}},{"start":{},"end":{}}]}},"s":{"0":3,"1":3,"2":3,"3":3,"4":3,"5":46,"6":46,"7":46,"8":46,"9":46,"10":5,"11":5,"12":2,"13":5,"14":5,"15":2,"16":2,"17":27,"18":27,"19":3,"20":2,"21":1,"22":1,"23":3,"24":2,"25":1,"26":1,"27":5,"28":5,"29":18,"30":10,"31":18,"32":31,"33":36,"34":36,"35":36,"36":36,"37":36,"38":30,"39":30,"40":2,"41":36,"42":2,"43":2,"44":36,"45":36,"46":2,"47":2,"48":2,"49":46,"50":16,"51":8,"52":8,"53":6,"54":8,"55":3,"56":8,"57":3,"58":8,"59":8,"60":24,"61":11,"62":13,"63":2,"64":3,"65":11,"66":11,"67":18,"68":6,"69":12,"70":3,"71":11,"72":18,"73":18,"74":125,"75":3,"76":3},"f":{"0":46,"1":5,"2":2,"3":27,"4":3,"5":3,"6":5,"7":5,"8":18,"9":31,"10":36,"11":36,"12":36,"13":2,"14":46,"15":8,"16":24,"17":3,"18":18,"19":125},"b":{"0":[46,29],"1":[46,29],"2":[2,3],"3":[5,3],"4":[2,1],"5":[2,1],"6":[10,8],"7":[30,6],"8":[2,28],"9":[16,30],"10":[6,2],"11":[3,5],"12":[3,5],"13":[11,13],"14":[24,13],"15":[2,11],"16":[6,12],"17":[3,9]}}
,"C:\\Users\\sumbn\\Desktop\\Nestjs\\ecom-nestjs\\src\\common\\logger\\logger.module.ts": {"path":"C:\\Users\\sumbn\\Desktop\\Nestjs\\ecom-nestjs\\src\\common\\logger\\logger.module.ts","statementMap":{"0":{"start":{"line":1,"column":0},"end":{"line":1,"column":73}},"1":{"start":{"line":2,"column":0},"end":{"line":2,"column":52}},"2":{"start":{"line":3,"column":0},"end":{"line":3,"column":64}},"3":{"start":{"line":4,"column":0},"end":{"line":4,"column":58}},"4":{"start":{"line":28,"column":25},"end":{"line":50,"column":null}},"5":{"start":{"line":30,"column":19},"end":{"line":30,"column":54}},"6":{"start":{"line":32,"column":29},"end":{"line":35,"column":6}},"7":{"start":{"line":37,"column":4},"end":{"line":42,"column":5}},"8":{"start":{"line":38,"column":6},"end":{"line":41,"column":8}},"9":{"start":{"line":44,"column":4},"end":{"line":48,"column":6}},"10":{"start":{"line":28,"column":13},"end":{"line":28,"column":25}},"11":{"start":{"line":28,"column":13},"end":{"line":50,"column":null}}},"fnMap":{"0":{"name":"(anonymous_1)","decl":{"start":{"line":29,"column":2},"end":{"line":29,"column":8}},"loc":{"start":{"line":29,"column":17},"end":{"line":49,"column":3}}}},"branchMap":{"0":{"loc":{"start":{"line":30,"column":19},"end":{"line":30,"column":54}},"type":"binary-expr","locations":[{"start":{"line":30,"column":19},"end":{"line":30,"column":41}},{"start":{"line":30,"column":45},"end":{"line":30,"column":54}}]},"1":{"loc":{"start":{"line":37,"column":4},"end":{"line":42,"column":5}},"type":"if","locations":[{"start":{"line":37,"column":4},"end":{"line":42,"column":5}},{"start":{},"end":{}}]}},"s":{"0":1,"1":1,"2":1,"3":1,"4":1,"5":3,"6":3,"7":3,"8":1,"9":3,"10":1,"11":1},"f":{"0":3},"b":{"0":[3,1],"1":[1,2]}}
,"C:\\Users\\sumbn\\Desktop\\Nestjs\\ecom-nestjs\\src\\common\\logger\\decorators\\log.decorator.ts": {"path":"C:\\Users\\sumbn\\Desktop\\Nestjs\\ecom-nestjs\\src\\common\\logger\\decorators\\log.decorator.ts","statementMap":{"0":{"start":{"line":22,"column":0},"end":{"line":22,"column":16}},"1":{"start":{"line":1,"column":0},"end":{"line":1,"column":40}},"2":{"start":{"line":2,"column":0},"end":{"line":2,"column":69}},"3":{"start":{"line":23,"column":23},"end":{"line":23,"column":45}},"4":{"start":{"line":25,"column":2},"end":{"line":71,"column":4}},"5":{"start":{"line":31,"column":29},"end":{"line":31,"column":66}},"6":{"start":{"line":32,"column":4},"end":{"line":34,"column":5}},"7":{"start":{"line":33,"column":6},"end":{"line":33,"column":37}},"8":{"start":{"line":36,"column":27},"end":{"line":36,"column":43}},"9":{"start":{"line":37,"column":22},"end":{"line":37,"column":45}},"10":{"start":{"line":38,"column":23},"end":{"line":38,"column":42}},"11":{"start":{"line":40,"column":4},"end":{"line":68,"column":6}},"12":{"start":{"line":41,"column":38},"end":{"line":42,"column":15}},"13":{"start":{"line":43,"column":24},"end":{"line":43,"column":34}},"14":{"start":{"line":46,"column":6},"end":{"line":46,"column":70}},"15":{"start":{"line":48,"column":6},"end":{"line":67,"column":7}},"16":{"start":{"line":49,"column":23},"end":{"line":49,"column":61}},"17":{"start":{"line":50,"column":25},"end":{"line":50,"column":47}},"18":{"start":{"line":53,"column":8},"end":{"line":53,"column":80}},"19":{"start":{"line":55,"column":8},"end":{"line":55,"column":22}},"20":{"start":{"line":57,"column":25},"end":{"line":57,"column":47}},"21":{"start":{"line":60,"column":8},"end":{"line":64,"column":10}},"22":{"start":{"line":66,"column":8},"end":{"line":66,"column":20}},"23":{"start":{"line":70,"column":4},"end":{"line":70,"column":22}}},"fnMap":{"0":{"name":"Log","decl":{"start":{"line":22,"column":16},"end":{"line":22,"column":19}},"loc":{"start":{"line":22,"column":19},"end":{"line":72,"column":1}}},"1":{"name":"(anonymous_1)","decl":{"start":{"line":25,"column":9},"end":{"line":25,"column":null}},"loc":{"start":{"line":29,"column":6},"end":{"line":71,"column":3}}},"2":{"name":"(anonymous_2)","decl":{"start":{"line":40,"column":23},"end":{"line":40,"column":28}},"loc":{"start":{"line":40,"column":57},"end":{"line":68,"column":5}}}},"branchMap":{"0":{"loc":{"start":{"line":32,"column":4},"end":{"line":34,"column":5}},"type":"if","locations":[{"start":{"line":32,"column":4},"end":{"line":34,"column":5}},{"start":{},"end":{}}]}},"s":{"0":1,"1":1,"2":1,"3":2,"4":2,"5":2,"6":2,"7":2,"8":2,"9":2,"10":2,"11":2,"12":2,"13":2,"14":2,"15":2,"16":2,"17":1,"18":1,"19":1,"20":1,"21":1,"22":1,"23":2},"f":{"0":2,"1":2,"2":2},"b":{"0":[2,0]}}
,"C:\\Users\\sumbn\\Desktop\\Nestjs\\ecom-nestjs\\src\\common\\logger\\middleware\\request-id.middleware.ts": {"path":"C:\\Users\\sumbn\\Desktop\\Nestjs\\ecom-nestjs\\src\\common\\logger\\middleware\\request-id.middleware.ts","statementMap":{"0":{"start":{"line":1,"column":0},"end":{"line":1,"column":68}},"1":{"start":{"line":3,"column":0},"end":{"line":3,"column":36}},"2":{"start":{"line":4,"column":0},"end":{"line":4,"column":69}},"3":{"start":{"line":24,"column":7},"end":{"line":58,"column":null}},"4":{"start":{"line":26,"column":45},"end":{"line":26,"column":67}},"5":{"start":{"line":31,"column":23},"end":{"line":31,"column":73}},"6":{"start":{"line":34,"column":5},"end":{"line":34,"column":67}},"7":{"start":{"line":37,"column":4},"end":{"line":37,"column":40}},"8":{"start":{"line":40,"column":4},"end":{"line":40,"column":45}},"9":{"start":{"line":43,"column":4},"end":{"line":43,"column":79}},"10":{"start":{"line":44,"column":4},"end":{"line":44,"column":42}},"11":{"start":{"line":45,"column":4},"end":{"line":45,"column":68}},"12":{"start":{"line":48,"column":4},"end":{"line":54,"column":7}},"13":{"start":{"line":49,"column":6},"end":{"line":52,"column":8}},"14":{"start":{"line":53,"column":6},"end":{"line":53,"column":33}},"15":{"start":{"line":56,"column":4},"end":{"line":56,"column":11}},"16":{"start":{"line":24,"column":13},"end":{"line":24,"column":32}},"17":{"start":{"line":24,"column":13},"end":{"line":58,"column":null}}},"fnMap":{"0":{"name":"(anonymous_4)","decl":{"start":{"line":25,"column":2},"end":{"line":25,"column":null}},"loc":{"start":{"line":26,"column":67},"end":{"line":27,"column":6}}},"1":{"name":"(anonymous_5)","decl":{"start":{"line":29,"column":2},"end":{"line":29,"column":5}},"loc":{"start":{"line":29,"column":53},"end":{"line":57,"column":3}}},"2":{"name":"(anonymous_6)","decl":{"start":{"line":48,"column":21},"end":{"line":48,"column":24}},"loc":{"start":{"line":48,"column":26},"end":{"line":54,"column":5}}}},"branchMap":{"0":{"loc":{"start":{"line":31,"column":23},"end":{"line":31,"column":73}},"type":"binary-expr","locations":[{"start":{"line":31,"column":23},"end":{"line":31,"column":61}},{"start":{"line":31,"column":65},"end":{"line":31,"column":73}}]}},"s":{"0":1,"1":1,"2":1,"3":1,"4":2,"5":2,"6":2,"7":2,"8":2,"9":2,"10":2,"11":2,"12":2,"13":2,"14":2,"15":2,"16":1,"17":1},"f":{"0":2,"1":2,"2":2},"b":{"0":[2,1]}}
,"C:\\Users\\sumbn\\Desktop\\Nestjs\\ecom-nestjs\\src\\config\\database.config.ts": {"path":"C:\\Users\\sumbn\\Desktop\\Nestjs\\ecom-nestjs\\src\\config\\database.config.ts","statementMap":{"0":{"start":{"line":1,"column":0},"end":{"line":1,"column":23}},"1":{"start":{"line":2,"column":0},"end":{"line":2,"column":44}},"2":{"start":{"line":3,"column":0},"end":{"line":3,"column":56}},"3":{"start":{"line":12,"column":18},"end":{"line":36,"column":2}},"4":{"start":{"line":12,"column":52},"end":{"line":36,"column":2}},"5":{"start":{"line":38,"column":0},"end":{"line":38,"column":57}},"6":{"start":{"line":38,"column":44},"end":{"line":38,"column":55}},"7":{"start":{"line":41,"column":13},"end":{"line":43,"column":2}}},"fnMap":{"0":{"name":"(anonymous_0)","decl":{"start":{"line":12,"column":18},"end":{"line":12,"column":48}},"loc":{"start":{"line":12,"column":52},"end":{"line":36,"column":2}}},"1":{"name":"(anonymous_1)","decl":{"start":{"line":38,"column":38},"end":{"line":38,"column":41}},"loc":{"start":{"line":38,"column":44},"end":{"line":38,"column":55}}}},"branchMap":{"0":{"loc":{"start":{"line":14,"column":8},"end":{"line":14,"column":48}},"type":"binary-expr","locations":[{"start":{"line":14,"column":8},"end":{"line":14,"column":33}},{"start":{"line":14,"column":37},"end":{"line":14,"column":48}}]},"1":{"loc":{"start":{"line":15,"column":8},"end":{"line":15,"column":55}},"type":"binary-expr","locations":[{"start":{"line":15,"column":8},"end":{"line":15,"column":47}},{"start":{"line":15,"column":51},"end":{"line":15,"column":55}}]},"2":{"loc":{"start":{"line":20,"column":4},"end":{"line":22,"column":37}},"type":"cond-expr","locations":[{"start":{"line":21,"column":8},"end":{"line":21,"column":36}},{"start":{"line":22,"column":8},"end":{"line":22,"column":37}}]},"3":{"loc":{"start":{"line":29,"column":9},"end":{"line":29,"column":66}},"type":"binary-expr","locations":[{"start":{"line":29,"column":9},"end":{"line":29,"column":59}},{"start":{"line":29,"column":63},"end":{"line":29,"column":66}}]},"4":{"loc":{"start":{"line":35,"column":4},"end":{"line":35,"column":79}},"type":"cond-expr","locations":[{"start":{"line":35,"column":42},"end":{"line":35,"column":71}},{"start":{"line":35,"column":74},"end":{"line":35,"column":79}}]}},"s":{"0":9,"1":9,"2":9,"3":9,"4":36,"5":9,"6":27,"7":9},"f":{"0":36,"1":27},"b":{"0":[36,0],"1":[36,0],"2":[28,8],"3":[36,0],"4":[35,1]}}
,"C:\\Users\\sumbn\\Desktop\\Nestjs\\ecom-nestjs\\src\\config\\env.validation.ts": {"path":"C:\\Users\\sumbn\\Desktop\\Nestjs\\ecom-nestjs\\src\\config\\env.validation.ts","statementMap":{"0":{"start":{"line":63,"column":0},"end":{"line":63,"column":16}},"1":{"start":{"line":1,"column":0},"end":{"line":1,"column":52}},"2":{"start":{"line":2,"column":0},"end":{"line":2,"column":null}},"3":{"start":{"line":10,"column":0},"end":{"line":10,"column":null}},"4":{"start":{"line":11,"column":2},"end":{"line":11,"column":null}},"5":{"start":{"line":12,"column":2},"end":{"line":12,"column":null}},"6":{"start":{"line":13,"column":2},"end":{"line":13,"column":null}},"7":{"start":{"line":16,"column":0},"end":{"line":16,"column":13}},"8":{"start":{"line":18,"column":2},"end":{"line":18,"column":null}},"9":{"start":{"line":21,"column":2},"end":{"line":21,"column":null}},"10":{"start":{"line":24,"column":2},"end":{"line":24,"column":null}},"11":{"start":{"line":27,"column":2},"end":{"line":27,"column":null}},"12":{"start":{"line":30,"column":2},"end":{"line":30,"column":null}},"13":{"start":{"line":33,"column":2},"end":{"line":33,"column":null}},"14":{"start":{"line":37,"column":2},"end":{"line":37,"column":null}},"15":{"start":{"line":41,"column":2},"end":{"line":41,"column":null}},"16":{"start":{"line":44,"column":2},"end":{"line":44,"column":null}},"17":{"start":{"line":48,"column":2},"end":{"line":48,"column":null}},"18":{"start":{"line":52,"column":2},"end":{"line":52,"column":null}},"19":{"start":{"line":56,"column":2},"end":{"line":56,"column":null}},"20":{"start":{"line":60,"column":2},"end":{"line":60,"column":null}},"21":{"start":{"line":66,"column":26},"end":{"line":68,"column":4}},"22":{"start":{"line":70,"column":17},"end":{"line":72,"column":4}},"23":{"start":{"line":74,"column":2},"end":{"line":76,"column":3}},"24":{"start":{"line":75,"column":4},"end":{"line":75,"column":39}},"25":{"start":{"line":78,"column":2},"end":{"line":78,"column":25}}},"fnMap":{"0":{"name":"(anonymous_2)","decl":{"start":{"line":10,"column":0},"end":{"line":10,"column":12}},"loc":{"start":{"line":10,"column":23},"end":{"line":14,"column":1}}},"1":{"name":"validate","decl":{"start":{"line":63,"column":16},"end":{"line":63,"column":24}},"loc":{"start":{"line":64,"column":33},"end":{"line":79,"column":1}}}},"branchMap":{"0":{"loc":{"start":{"line":10,"column":12},"end":{"line":10,"column":null}},"type":"binary-expr","locations":[{"start":{"line":10,"column":12},"end":{"line":10,"column":23}},{"start":{"line":10,"column":23},"end":{"line":10,"column":null}}]},"1":{"loc":{"start":{"line":74,"column":2},"end":{"line":76,"column":3}},"type":"if","locations":[{"start":{"line":74,"column":2},"end":{"line":76,"column":3}},{"start":{},"end":{}}]}},"s":{"0":5,"1":5,"2":5,"3":5,"4":5,"5":5,"6":5,"7":5,"8":5,"9":5,"10":5,"11":5,"12":5,"13":5,"14":5,"15":5,"16":5,"17":5,"18":5,"19":5,"20":5,"21":23,"22":23,"23":23,"24":8,"25":15},"f":{"0":5,"1":23},"b":{"0":[5,5],"1":[8,15]}}
,"C:\\Users\\sumbn\\Desktop\\Nestjs\\ecom-nestjs\\src\\database\\migrations\\1759125777052-CreateUsersTable.ts": {"path":"C:\\Users\\sumbn\\Desktop\\Nestjs\\ecom-nestjs\\src\\database\\migrations\\1759125777052-CreateUsersTable.ts","statementMap":{"0":{"start":{"line":5,"column":4},"end":{"line":7,"column":9}},"1":{"start":{"line":9,"column":4},"end":{"line":11,"column":9}},"2":{"start":{"line":13,"column":4},"end":{"line":26,"column":11}},"3":{"start":{"line":28,"column":4},"end":{"line":30,"column":11}},"4":{"start":{"line":32,"column":4},"end":{"line":34,"column":11}},"5":{"start":{"line":38,"column":4},"end":{"line":40,"column":6}},"6":{"start":{"line":41,"column":4},"end":{"line":43,"column":6}},"7":{"start":{"line":44,"column":4},"end":{"line":44,"column":60}},"8":{"start":{"line":45,"column":4},"end":{"line":45,"column":61}},"9":{"start":{"line":3,"column":0},"end":{"line":3,"column":13}}},"fnMap":{"0":{"name":"(anonymous_0)","decl":{"start":{"line":4,"column":9},"end":{"line":4,"column":14}},"loc":{"start":{"line":4,"column":42},"end":{"line":35,"column":3}}},"1":{"name":"(anonymous_1)","decl":{"start":{"line":37,"column":9},"end":{"line":37,"column":14}},"loc":{"start":{"line":37,"column":44},"end":{"line":46,"column":3}}}},"branchMap":{},"s":{"0":0,"1":0,"2":0,"3":0,"4":0,"5":0,"6":0,"7":0,"8":0,"9":0},"f":{"0":0,"1":0},"b":{}}
,"C:\\Users\\sumbn\\Desktop\\Nestjs\\ecom-nestjs\\src\\database\\migrations\\1759134340003-migrations.ts": {"path":"C:\\Users\\sumbn\\Desktop\\Nestjs\\ecom-nestjs\\src\\database\\migrations\\1759134340003-migrations.ts","statementMap":{"0":{"start":{"line":4,"column":2},"end":{"line":4,"column":35}},"1":{"start":{"line":7,"column":4},"end":{"line":9,"column":6}},"2":{"start":{"line":10,"column":4},"end":{"line":12,"column":6}},"3":{"start":{"line":13,"column":4},"end":{"line":15,"column":6}},"4":{"start":{"line":16,"column":4},"end":{"line":18,"column":6}},"5":{"start":{"line":19,"column":4},"end":{"line":19,"column":78}},"6":{"start":{"line":20,"column":4},"end":{"line":22,"column":6}},"7":{"start":{"line":23,"column":4},"end":{"line":25,"column":6}},"8":{"start":{"line":26,"column":4},"end":{"line":28,"column":6}},"9":{"start":{"line":29,"column":4},"end":{"line":31,"column":6}},"10":{"start":{"line":32,"column":4},"end":{"line":32,"column":66}},"11":{"start":{"line":36,"column":4},"end":{"line":38,"column":6}},"12":{"start":{"line":39,"column":4},"end":{"line":41,"column":6}},"13":{"start":{"line":42,"column":4},"end":{"line":44,"column":6}},"14":{"start":{"line":45,"column":4},"end":{"line":47,"column":6}},"15":{"start":{"line":48,"column":4},"end":{"line":48,"column":68}},"16":{"start":{"line":49,"column":4},"end":{"line":51,"column":6}},"17":{"start":{"line":52,"column":4},"end":{"line":54,"column":6}},"18":{"start":{"line":55,"column":4},"end":{"line":57,"column":6}},"19":{"start":{"line":58,"column":4},"end":{"line":60,"column":6}},"20":{"start":{"line":3,"column":0},"end":{"line":3,"column":13}}},"fnMap":{"0":{"name":"(anonymous_0)","decl":{"start":{"line":3,"column":0},"end":{"line":3,"column":13}},"loc":{"start":{"line":3,"column":0},"end":{"line":62,"column":1}}},"1":{"name":"(anonymous_1)","decl":{"start":{"line":6,"column":9},"end":{"line":6,"column":14}},"loc":{"start":{"line":6,"column":42},"end":{"line":33,"column":3}}},"2":{"name":"(anonymous_2)","decl":{"start":{"line":35,"column":9},"end":{"line":35,"column":14}},"loc":{"start":{"line":35,"column":44},"end":{"line":61,"column":3}}}},"branchMap":{},"s":{"0":0,"1":0,"2":0,"3":0,"4":0,"5":0,"6":0,"7":0,"8":0,"9":0,"10":0,"11":0,"12":0,"13":0,"14":0,"15":0,"16":0,"17":0,"18":0,"19":0,"20":0},"f":{"0":0,"1":0,"2":0},"b":{}}
,"C:\\Users\\sumbn\\Desktop\\Nestjs\\ecom-nestjs\\src\\database\\migrations\\1759309254265-CreateCategoryTable.ts": {"path":"C:\\Users\\sumbn\\Desktop\\Nestjs\\ecom-nestjs\\src\\database\\migrations\\1759309254265-CreateCategoryTable.ts","statementMap":{"0":{"start":{"line":4,"column":2},"end":{"line":4,"column":44}},"1":{"start":{"line":7,"column":4},"end":{"line":9,"column":6}},"2":{"start":{"line":10,"column":4},"end":{"line":12,"column":6}},"3":{"start":{"line":13,"column":4},"end":{"line":15,"column":6}},"4":{"start":{"line":16,"column":4},"end":{"line":16,"column":80}},"5":{"start":{"line":17,"column":4},"end":{"line":17,"column":80}},"6":{"start":{"line":18,"column":4},"end":{"line":20,"column":6}},"7":{"start":{"line":21,"column":4},"end":{"line":23,"column":6}},"8":{"start":{"line":24,"column":4},"end":{"line":26,"column":6}},"9":{"start":{"line":27,"column":4},"end":{"line":29,"column":6}},"10":{"start":{"line":30,"column":4},"end":{"line":32,"column":6}},"11":{"start":{"line":33,"column":4},"end":{"line":35,"column":6}},"12":{"start":{"line":36,"column":4},"end":{"line":38,"column":6}},"13":{"start":{"line":39,"column":4},"end":{"line":41,"column":6}},"14":{"start":{"line":42,"column":4},"end":{"line":44,"column":6}},"15":{"start":{"line":45,"column":4},"end":{"line":47,"column":6}},"16":{"start":{"line":48,"column":4},"end":{"line":50,"column":6}},"17":{"start":{"line":54,"column":4},"end":{"line":56,"column":6}},"18":{"start":{"line":57,"column":4},"end":{"line":59,"column":6}},"19":{"start":{"line":60,"column":4},"end":{"line":62,"column":6}},"20":{"start":{"line":63,"column":4},"end":{"line":63,"column":77}},"21":{"start":{"line":64,"column":4},"end":{"line":64,"column":80}},"22":{"start":{"line":65,"column":4},"end":{"line":65,"column":80}},"23":{"start":{"line":66,"column":4},"end":{"line":68,"column":6}},"24":{"start":{"line":69,"column":4},"end":{"line":69,"column":79}},"25":{"start":{"line":70,"column":4},"end":{"line":72,"column":6}},"26":{"start":{"line":73,"column":4},"end":{"line":75,"column":6}},"27":{"start":{"line":76,"column":4},"end":{"line":78,"column":6}},"28":{"start":{"line":79,"column":4},"end":{"line":81,"column":6}},"29":{"start":{"line":82,"column":4},"end":{"line":84,"column":6}},"30":{"start":{"line":85,"column":4},"end":{"line":87,"column":6}},"31":{"start":{"line":88,"column":4},"end":{"line":90,"column":6}},"32":{"start":{"line":91,"column":4},"end":{"line":91,"column":69}},"33":{"start":{"line":3,"column":0},"end":{"line":3,"column":13}}},"fnMap":{"0":{"name":"(anonymous_0)","decl":{"start":{"line":3,"column":0},"end":{"line":3,"column":13}},"loc":{"start":{"line":3,"column":0},"end":{"line":93,"column":1}}},"1":{"name":"(anonymous_1)","decl":{"start":{"line":6,"column":9},"end":{"line":6,"column":14}},"loc":{"start":{"line":6,"column":42},"end":{"line":51,"column":3}}},"2":{"name":"(anonymous_2)","decl":{"start":{"line":53,"column":9},"end":{"line":53,"column":14}},"loc":{"start":{"line":53,"column":44},"end":{"line":92,"column":3}}}},"branchMap":{},"s":{"0":0,"1":0,"2":0,"3":0,"4":0,"5":0,"6":0,"7":0,"8":0,"9":0,"10":0,"11":0,"12":0,"13":0,"14":0,"15":0,"16":0,"17":0,"18":0,"19":0,"20":0,"21":0,"22":0,"23":0,"24":0,"25":0,"26":0,"27":0,"28":0,"29":0,"30":0,"31":0,"32":0,"33":0},"f":{"0":0,"1":0,"2":0},"b":{}}
,"C:\\Users\\sumbn\\Desktop\\Nestjs\\ecom-nestjs\\src\\database\\migrations\\1759400000000-CreateRefreshTokensTable.ts": {"path":"C:\\Users\\sumbn\\Desktop\\Nestjs\\ecom-nestjs\\src\\database\\migrations\\1759400000000-CreateRefreshTokensTable.ts","statementMap":{"0":{"start":{"line":1,"column":0},"end":{"line":1,"column":null}},"1":{"start":{"line":12,"column":2},"end":{"line":12,"column":49}},"2":{"start":{"line":16,"column":4},"end":{"line":84,"column":6}},"3":{"start":{"line":87,"column":4},"end":{"line":93,"column":6}},"4":{"start":{"line":95,"column":4},"end":{"line":101,"column":6}},"5":{"start":{"line":104,"column":4},"end":{"line":113,"column":6}},"6":{"start":{"line":118,"column":4},"end":{"line":121,"column":6}},"7":{"start":{"line":124,"column":4},"end":{"line":124,"column":78}},"8":{"start":{"line":125,"column":4},"end":{"line":128,"column":6}},"9":{"start":{"line":131,"column":4},"end":{"line":131,"column":50}},"10":{"start":{"line":9,"column":0},"end":{"line":9,"column":13}}},"fnMap":{"0":{"name":"(anonymous_0)","decl":{"start":{"line":9,"column":0},"end":{"line":9,"column":13}},"loc":{"start":{"line":9,"column":0},"end":{"line":133,"column":1}}},"1":{"name":"(anonymous_1)","decl":{"start":{"line":14,"column":9},"end":{"line":14,"column":14}},"loc":{"start":{"line":14,"column":42},"end":{"line":114,"column":3}}},"2":{"name":"(anonymous_2)","decl":{"start":{"line":116,"column":9},"end":{"line":116,"column":14}},"loc":{"start":{"line":116,"column":44},"end":{"line":132,"column":3}}}},"branchMap":{},"s":{"0":0,"1":0,"2":0,"3":0,"4":0,"5":0,"6":0,"7":0,"8":0,"9":0,"10":0},"f":{"0":0,"1":0,"2":0},"b":{}}
,"C:\\Users\\sumbn\\Desktop\\Nestjs\\ecom-nestjs\\src\\health\\health.controller.ts": {"path":"C:\\Users\\sumbn\\Desktop\\Nestjs\\ecom-nestjs\\src\\health\\health.controller.ts","statementMap":{"0":{"start":{"line":1,"column":0},"end":{"line":1,"column":49}},"1":{"start":{"line":2,"column":0},"end":{"line":2,"column":49}},"2":{"start":{"line":3,"column":0},"end":{"line":3,"column":63}},"3":{"start":{"line":12,"column":7},"end":{"line":29,"column":null}},"4":{"start":{"line":13,"column":31},"end":{"line":13,"column":46}},"5":{"start":{"line":17,"column":4},"end":{"line":17,"column":38}},"6":{"start":{"line":22,"column":4},"end":{"line":22,"column":38}},"7":{"start":{"line":27,"column":4},"end":{"line":27,"column":37}},"8":{"start":{"line":12,"column":13},"end":{"line":12,"column":29}},"9":{"start":{"line":16,"column":8},"end":{"line":18,"column":null}},"10":{"start":{"line":21,"column":8},"end":{"line":23,"column":null}},"11":{"start":{"line":26,"column":8},"end":{"line":28,"column":null}},"12":{"start":{"line":12,"column":13},"end":{"line":29,"column":null}}},"fnMap":{"0":{"name":"(anonymous_2)","decl":{"start":{"line":13,"column":2},"end":{"line":13,"column":31}},"loc":{"start":{"line":13,"column":59},"end":{"line":13,"column":63}}},"1":{"name":"(anonymous_3)","decl":{"start":{"line":16,"column":8},"end":{"line":16,"column":13}},"loc":{"start":{"line":16,"column":13},"end":{"line":18,"column":3}}},"2":{"name":"(anonymous_4)","decl":{"start":{"line":21,"column":8},"end":{"line":21,"column":13}},"loc":{"start":{"line":21,"column":13},"end":{"line":23,"column":3}}},"3":{"name":"(anonymous_5)","decl":{"start":{"line":26,"column":8},"end":{"line":26,"column":12}},"loc":{"start":{"line":26,"column":12},"end":{"line":28,"column":3}}}},"branchMap":{},"s":{"0":5,"1":5,"2":5,"3":5,"4":8,"5":1,"6":1,"7":1,"8":5,"9":5,"10":5,"11":5,"12":5},"f":{"0":8,"1":1,"2":1,"3":1},"b":{}}
,"C:\\Users\\sumbn\\Desktop\\Nestjs\\ecom-nestjs\\src\\health\\health.module.ts": {"path":"C:\\Users\\sumbn\\Desktop\\Nestjs\\ecom-nestjs\\src\\health\\health.module.ts","statementMap":{"0":{"start":{"line":1,"column":0},"end":{"line":1,"column":40}},"1":{"start":{"line":2,"column":0},"end":{"line":2,"column":48}},"2":{"start":{"line":3,"column":0},"end":{"line":3,"column":55}},"3":{"start":{"line":4,"column":0},"end":{"line":4,"column":49}},"4":{"start":{"line":12,"column":7},"end":{"line":12,"column":null}},"5":{"start":{"line":12,"column":13},"end":{"line":12,"column":25}},"6":{"start":{"line":12,"column":13},"end":{"line":12,"column":null}}},"fnMap":{},"branchMap":{},"s":{"0":4,"1":4,"2":4,"3":4,"4":4,"5":4,"6":4},"f":{},"b":{}}
,"C:\\Users\\sumbn\\Desktop\\Nestjs\\ecom-nestjs\\src\\health\\health.service.ts": {"path":"C:\\Users\\sumbn\\Desktop\\Nestjs\\ecom-nestjs\\src\\health\\health.service.ts","statementMap":{"0":{"start":{"line":1,"column":0},"end":{"line":1,"column":44}},"1":{"start":{"line":2,"column":0},"end":{"line":2,"column":47}},"2":{"start":{"line":3,"column":0},"end":{"line":3,"column":37}},"3":{"start":{"line":11,"column":7},"end":{"line":101,"column":null}},"4":{"start":{"line":13,"column":21},"end":{"line":13,"column":36}},"5":{"start":{"line":14,"column":21},"end":{"line":14,"column":33}},"6":{"start":{"line":18,"column":22},"end":{"line":18,"column":32}},"7":{"start":{"line":20,"column":4},"end":{"line":58,"column":5}},"8":{"start":{"line":22,"column":29},"end":{"line":22,"column":55}},"9":{"start":{"line":25,"column":26},"end":{"line":25,"column":47}},"10":{"start":{"line":26,"column":26},"end":{"line":26,"column":70}},"11":{"start":{"line":27,"column":25},"end":{"line":27,"column":68}},"12":{"start":{"line":28,"column":31},"end":{"line":28,"column":63}},"13":{"start":{"line":30,"column":27},"end":{"line":30,"column":49}},"14":{"start":{"line":32,"column":21},"end":{"line":45,"column":26}},"15":{"start":{"line":47,"column":6},"end":{"line":47,"column":20}},"16":{"start":{"line":49,"column":6},"end":{"line":57,"column":8}},"17":{"start":{"line":62,"column":4},"end":{"line":77,"column":5}},"18":{"start":{"line":63,"column":29},"end":{"line":63,"column":55}},"19":{"start":{"line":65,"column":6},"end":{"line":69,"column":8}},"20":{"start":{"line":71,"column":6},"end":{"line":76,"column":8}},"21":{"start":{"line":81,"column":4},"end":{"line":85,"column":6}},"22":{"start":{"line":89,"column":4},"end":{"line":99,"column":5}},"23":{"start":{"line":90,"column":6},"end":{"line":92,"column":7}},"24":{"start":{"line":91,"column":8},"end":{"line":91,"column":33}},"25":{"start":{"line":95,"column":6},"end":{"line":95,"column":46}},"26":{"start":{"line":96,"column":6},"end":{"line":96,"column":25}},"27":{"start":{"line":98,"column":6},"end":{"line":98,"column":28}},"28":{"start":{"line":11,"column":13},"end":{"line":11,"column":26}},"29":{"start":{"line":11,"column":13},"end":{"line":101,"column":null}}},"fnMap":{"0":{"name":"(anonymous_2)","decl":{"start":{"line":12,"column":2},"end":{"line":12,"column":null}},"loc":{"start":{"line":14,"column":43},"end":{"line":15,"column":6}}},"1":{"name":"(anonymous_3)","decl":{"start":{"line":17,"column":2},"end":{"line":17,"column":7}},"loc":{"start":{"line":17,"column":13},"end":{"line":59,"column":3}}},"2":{"name":"(anonymous_4)","decl":{"start":{"line":61,"column":2},"end":{"line":61,"column":7}},"loc":{"start":{"line":61,"column":13},"end":{"line":78,"column":3}}},"3":{"name":"(anonymous_5)","decl":{"start":{"line":80,"column":2},"end":{"line":80,"column":7}},"loc":{"start":{"line":80,"column":12},"end":{"line":86,"column":3}}},"4":{"name":"(anonymous_6)","decl":{"start":{"line":88,"column":10},"end":{"line":88,"column":15}},"loc":{"start":{"line":88,"column":29},"end":{"line":100,"column":3}}}},"branchMap":{"0":{"loc":{"start":{"line":33,"column":16},"end":{"line":33,"column":63}},"type":"cond-expr","locations":[{"start":{"line":33,"column":49},"end":{"line":33,"column":53}},{"start":{"line":33,"column":56},"end":{"line":33,"column":63}}]},"1":{"loc":{"start":{"line":36,"column":21},"end":{"line":36,"column":72}},"type":"binary-expr","locations":[{"start":{"line":36,"column":21},"end":{"line":36,"column":55}},{"start":{"line":36,"column":59},"end":{"line":36,"column":72}}]},"2":{"loc":{"start":{"line":37,"column":17},"end":{"line":37,"column":73}},"type":"binary-expr","locations":[{"start":{"line":37,"column":17},"end":{"line":37,"column":62}},{"start":{"line":37,"column":66},"end":{"line":37,"column":73}}]},"3":{"loc":{"start":{"line":66,"column":16},"end":{"line":66,"column":70}},"type":"cond-expr","locations":[{"start":{"line":66,"column":49},"end":{"line":66,"column":56}},{"start":{"line":66,"column":59},"end":{"line":66,"column":70}}]},"4":{"loc":{"start":{"line":90,"column":6},"end":{"line":92,"column":7}},"type":"if","locations":[{"start":{"line":90,"column":6},"end":{"line":92,"column":7}},{"start":{},"end":{}}]}},"s":{"0":6,"1":6,"2":6,"3":6,"4":12,"5":12,"6":3,"7":3,"8":3,"9":3,"10":3,"11":3,"12":3,"13":3,"14":3,"15":3,"16":0,"17":3,"18":3,"19":3,"20":0,"21":1,"22":6,"23":6,"24":2,"25":4,"26":2,"27":2,"28":6,"29":6},"f":{"0":12,"1":3,"2":3,"3":1,"4":6},"b":{"0":[1,2],"1":[3,0],"2":[3,0],"3":[1,2],"4":[2,4]}}
,"C:\\Users\\sumbn\\Desktop\\Nestjs\\ecom-nestjs\\src\\health\\dto\\health-check.dto.ts": {"path":"C:\\Users\\sumbn\\Desktop\\Nestjs\\ecom-nestjs\\src\\health\\dto\\health-check.dto.ts","statementMap":{"0":{"start":{"line":1,"column":0},"end":{"line":1,"column":13}},"1":{"start":{"line":17,"column":0},"end":{"line":17,"column":13}},"2":{"start":{"line":24,"column":0},"end":{"line":24,"column":13}}},"fnMap":{},"branchMap":{},"s":{"0":0,"1":0,"2":0},"f":{},"b":{}}
,"C:\\Users\\sumbn\\Desktop\\Nestjs\\ecom-nestjs\\src\\modules\\auth\\auth-cleanup.service.ts": {"path":"C:\\Users\\sumbn\\Desktop\\Nestjs\\ecom-nestjs\\src\\modules\\auth\\auth-cleanup.service.ts","statementMap":{"0":{"start":{"line":1,"column":0},"end":{"line":1,"column":52}},"1":{"start":{"line":2,"column":0},"end":{"line":2,"column":56}},"2":{"start":{"line":3,"column":0},"end":{"line":3,"column":45}},"3":{"start":{"line":11,"column":31},"end":{"line":30,"column":null}},"4":{"start":{"line":14,"column":22},"end":{"line":14,"column":35}},"5":{"start":{"line":12,"column":19},"end":{"line":12,"column":64}},"6":{"start":{"line":21,"column":4},"end":{"line":21,"column":69}},"7":{"start":{"line":23,"column":4},"end":{"line":28,"column":5}},"8":{"start":{"line":24,"column":27},"end":{"line":24,"column":72}},"9":{"start":{"line":25,"column":6},"end":{"line":25,"column":75}},"10":{"start":{"line":27,"column":6},"end":{"line":27,"column":67}},"11":{"start":{"line":11,"column":13},"end":{"line":11,"column":31}},"12":{"start":{"line":20,"column":8},"end":{"line":29,"column":null}},"13":{"start":{"line":11,"column":13},"end":{"line":30,"column":null}}},"fnMap":{"0":{"name":"(anonymous_2)","decl":{"start":{"line":14,"column":2},"end":{"line":14,"column":22}},"loc":{"start":{"line":14,"column":46},"end":{"line":14,"column":50}}},"1":{"name":"(anonymous_3)","decl":{"start":{"line":20,"column":8},"end":{"line":20,"column":21}},"loc":{"start":{"line":20,"column":21},"end":{"line":29,"column":3}}}},"branchMap":{},"s":{"0":5,"1":5,"2":5,"3":5,"4":11,"5":11,"6":6,"7":6,"8":6,"9":4,"10":2,"11":5,"12":5,"13":5},"f":{"0":11,"1":6},"b":{}}
,"C:\\Users\\sumbn\\Desktop\\Nestjs\\ecom-nestjs\\src\\modules\\auth\\auth.controller.ts": {"path":"C:\\Users\\sumbn\\Desktop\\Nestjs\\ecom-nestjs\\src\\modules\\auth\\auth.controller.ts","statementMap":{"0":{"start":{"line":1,"column":0},"end":{"line":1,"column":null}},"1":{"start":{"line":16,"column":0},"end":{"line":16,"column":62}},"2":{"start":{"line":18,"column":0},"end":{"line":18,"column":43}},"3":{"start":{"line":19,"column":0},"end":{"line":19,"column":49}},"4":{"start":{"line":20,"column":0},"end":{"line":20,"column":58}},"5":{"start":{"line":23,"column":0},"end":{"line":23,"column":59}},"6":{"start":{"line":24,"column":0},"end":{"line":24,"column":55}},"7":{"start":{"line":25,"column":0},"end":{"line":25,"column":66}},"8":{"start":{"line":26,"column":0},"end":{"line":26,"column":77}},"9":{"start":{"line":35,"column":7},"end":{"line":179,"column":null}},"10":{"start":{"line":36,"column":31},"end":{"line":36,"column":44}},"11":{"start":{"line":45,"column":4},"end":{"line":49,"column":6}},"12":{"start":{"line":58,"column":4},"end":{"line":58,"column":44}},"13":{"start":{"line":58,"column":20},"end":{"line":58,"column":44}},"14":{"start":{"line":60,"column":4},"end":{"line":60,"column":61}},"15":{"start":{"line":60,"column":38},"end":{"line":60,"column":61}},"16":{"start":{"line":61,"column":4},"end":{"line":61,"column":54}},"17":{"start":{"line":61,"column":38},"end":{"line":61,"column":54}},"18":{"start":{"line":62,"column":4},"end":{"line":62,"column":59}},"19":{"start":{"line":62,"column":39},"end":{"line":62,"column":59}},"20":{"start":{"line":63,"column":4},"end":{"line":63,"column":48}},"21":{"start":{"line":63,"column":35},"end":{"line":63,"column":48}},"22":{"start":{"line":64,"column":4},"end":{"line":64,"column":52}},"23":{"start":{"line":64,"column":37},"end":{"line":64,"column":52}},"24":{"start":{"line":66,"column":4},"end":{"line":66,"column":28}},"25":{"start":{"line":83,"column":21},"end":{"line":83,"column":59}},"26":{"start":{"line":84,"column":4},"end":{"line":84,"column":54}},"27":{"start":{"line":99,"column":21},"end":{"line":99,"column":59}},"28":{"start":{"line":100,"column":4},"end":{"line":100,"column":60}},"29":{"start":{"line":113,"column":4},"end":{"line":113,"column":77}},"30":{"start":{"line":126,"column":4},"end":{"line":126,"column":65}},"31":{"start":{"line":139,"column":4},"end":{"line":139,"column":47}},"32":{"start":{"line":151,"column":4},"end":{"line":151,"column":52}},"33":{"start":{"line":163,"column":4},"end":{"line":163,"column":55}},"34":{"start":{"line":177,"column":4},"end":{"line":177,"column":62}},"35":{"start":{"line":35,"column":13},"end":{"line":35,"column":27}},"36":{"start":{"line":77,"column":8},"end":{"line":85,"column":null}},"37":{"start":{"line":94,"column":8},"end":{"line":101,"column":null}},"38":{"start":{"line":110,"column":8},"end":{"line":114,"column":null}},"39":{"start":{"line":123,"column":8},"end":{"line":127,"column":null}},"40":{"start":{"line":136,"column":8},"end":{"line":140,"column":null}},"41":{"start":{"line":148,"column":8},"end":{"line":152,"column":null}},"42":{"start":{"line":160,"column":8},"end":{"line":164,"column":null}},"43":{"start":{"line":173,"column":8},"end":{"line":178,"column":null}},"44":{"start":{"line":35,"column":13},"end":{"line":179,"column":null}}},"fnMap":{"0":{"name":"(anonymous_4)","decl":{"start":{"line":36,"column":2},"end":{"line":36,"column":31}},"loc":{"start":{"line":36,"column":55},"end":{"line":36,"column":59}}},"1":{"name":"(anonymous_5)","decl":{"start":{"line":44,"column":10},"end":{"line":44,"column":28}},"loc":{"start":{"line":44,"column":58},"end":{"line":50,"column":3}}},"2":{"name":"(anonymous_6)","decl":{"start":{"line":57,"column":10},"end":{"line":57,"column":25}},"loc":{"start":{"line":57,"column":43},"end":{"line":67,"column":3}}},"3":{"name":"(anonymous_7)","decl":{"start":{"line":77,"column":8},"end":{"line":77,"column":13}},"loc":{"start":{"line":81,"column":44},"end":{"line":85,"column":3}}},"4":{"name":"(anonymous_8)","decl":{"start":{"line":94,"column":8},"end":{"line":94,"column":16}},"loc":{"start":{"line":97,"column":44},"end":{"line":101,"column":3}}},"5":{"name":"(anonymous_9)","decl":{"start":{"line":110,"column":8},"end":{"line":110,"column":15}},"loc":{"start":{"line":111,"column":44},"end":{"line":114,"column":3}}},"6":{"name":"(anonymous_10)","decl
[...]
{"line":20,"column":0},"end":{"line":20,"column":54}},"3":{"start":{"line":21,"column":0},"end":{"line":21,"column":54}},"4":{"start":{"line":22,"column":0},"end":{"line":22,"column":58}},"5":{"start":{"line":23,"column":0},"end":{"line":23,"column":46}},"6":{"start":{"line":24,"column":0},"end":{"line":24,"column":52}},"7":{"start":{"line":25,"column":0},"end":{"line":25,"column":64}},"8":{"start":{"line":26,"column":0},"end":{"line":26,"column":56}},"9":{"start":{"line":27,"column":0},"end":{"line":27,"column":77}},"10":{"start":{"line":38,"column":7},"end":{"line":141,"column":null}},"11":{"start":{"line":39,"column":31},"end":{"line":39,"column":45}},"12":{"start":{"line":49,"column":17},"end":{"line":49,"column":62}},"13":{"start":{"line":50,"column":4},"end":{"line":52,"column":7}},"14":{"start":{"line":71,"column":21},"end":{"line":71,"column":41}},"15":{"start":{"line":72,"column":19},"end":{"line":72,"column":66}},"16":{"start":{"line":74,"column":4},"end":{"line":81,"column":6}},"17":{"start":{"line":77,"column":8},"end":{"line":79,"column":10}},"18":{"start":{"line":96,"column":4},"end":{"line":98,"column":5}},"19":{"start":{"line":97,"column":6},"end":{"line":97,"column":79}},"20":{"start":{"line":100,"column":17},"end":{"line":100,"column":52}},"21":{"start":{"line":101,"column":4},"end":{"line":103,"column":7}},"22":{"start":{"line":119,"column":4},"end":{"line":121,"column":5}},"23":{"start":{"line":120,"column":6},"end":{"line":120,"column":79}},"24":{"start":{"line":123,"column":17},"end":{"line":123,"column":66}},"25":{"start":{"line":124,"column":4},"end":{"line":126,"column":7}},"26":{"start":{"line":139,"column":4},"end":{"line":139,"column":40}},"27":{"start":{"line":38,"column":13},"end":{"line":38,"column":28}},"28":{"start":{"line":48,"column":8},"end":{"line":53,"column":null}},"29":{"start":{"line":61,"column":8},"end":{"line":82,"column":null}},"30":{"start":{"line":91,"column":8},"end":{"line":104,"column":null}},"31":{"start":{"line":113,"column":8},"end":{"line":127,"column":null}},"32":{"start":{"line":136,"column":8},"end":{"line":140,"column":null}},"33":{"start":{"line":38,"column":13},"end":{"line":141,"column":null}}},"fnMap":{"0":{"name":"(anonymous_4)","decl":{"start":{"line":39,"column":2},"end":{"line":39,"column":31}},"loc":{"start":{"line":39,"column":57},"end":{"line":39,"column":61}}},"1":{"name":"(anonymous_5)","decl":{"start":{"line":48,"column":8},"end":{"line":48,"column":14}},"loc":{"start":{"line":48,"column":51},"end":{"line":53,"column":3}}},"2":{"name":"(anonymous_6)","decl":{"start":{"line":61,"column":8},"end":{"line":61,"column":15}},"loc":{"start":{"line":63,"column":68},"end":{"line":82,"column":3}}},"3":{"name":"(anonymous_7)","decl":{"start":{"line":76,"column":28},"end":{"line":76,"column":29}},"loc":{"start":{"line":77,"column":8},"end":{"line":79,"column":10}}},"4":{"name":"(anonymous_8)","decl":{"start":{"line":91,"column":8},"end":{"line":91,"column":15}},"loc":{"start":{"line":93,"column":36},"end":{"line":104,"column":3}}},"5":{"name":"(anonymous_9)","decl":{"start":{"line":113,"column":8},"end":{"line":113,"column":14}},"loc":{"start":{"line":116,"column":36},"end":{"line":127,"column":3}}},"6":{"name":"(anonymous_10)","decl":{"start":{"line":136,"column":8},"end":{"line":136,"column":14}},"loc":{"start":{"line":137,"column":42},"end":{"line":140,"column":3}}}},"branchMap":{"0":{"loc":{"start":{"line":62,"column":57},"end":{"line":62,"column":65}},"type":"default-arg","locations":[{"start":{"line":62,"column":64},"end":{"line":62,"column":65}}]},"1":{"loc":{"start":{"line":63,"column":58},"end":{"line":63,"column":68}},"type":"default-arg","locations":[{"start":{"line":63,"column":66},"end":{"line":63,"column":68}}]},"2":{"loc":{"start":{"line":96,"column":4},"end":{"line":98,"column":5}},"type":"if","locations":[{"start":{"line":96,"column":4},"end":{"line":98,"column":5}},{"start":{},"end":{}}]},"3":{"loc":{"start":{"line":96,"column":8},"end":{"line":96,"column":61}},"type":"binary-expr","locations":[{"start":{"line":96,"column":8},"end":{"line":96,"column":36}},{"start":{"line":96,"column":40},"end":{"line":96,"column":61}}]},"4":{"loc":{"start":{"line":119,"column":4},"end":{"line":121,"column":5}},"type":"if","locations":[{"start":{"line":119,"column":4},"end":{"line":121,"column":5}},{"start":{},"end":{}}]},"5":{"loc":{"start":{"line":119,"column":8},"end":{"line":119,"column":61}},"type":"binary-expr","locations":[{"start":{"line":119,"column":8},"end":{"line":119,"column":36}},{"start":{"line":119,"column":40},"end":{"line":119,"column":61}}]}},"s":{"0":5,"1":5,"2":5,"3":5,"4":5,"5":5,"6":5,"7":5,"8":5,"9":5,"10":5,"11":21,"12":2,"13":2,"14":4,"15":4,"16":4,"17":2,"18":5,"19":2,"20":3,"21":3,"22":5,"23":2,"24":3,"25":3,"26":2,"27":5,"28":5,"29":5,"30":5,"31":5,"32":5,"33":5},"f":{"0":21,"1":2,"2":4,"3":2,"4":5,"5":5,"6":2},"b":{"0":[1],"1":[1],"2":[2,3],"3":[5,2],"4":[2,3],"5":[5,2]}}
,"C:\\Users\\sumbn\\Desktop\\Nestjs\\ecom-nestjs\\src\\modules\\users\\users.module.ts": {"path":"C:\\Users\\sumbn\\Desktop\\Nestjs\\ecom-nestjs\\src\\modules\\users\\users.module.ts","statementMap":{"0":{"start":{"line":1,"column":0},"end":{"line":1,"column":40}},"1":{"start":{"line":2,"column":0},"end":{"line":2,"column":48}},"2":{"start":{"line":3,"column":0},"end":{"line":3,"column":47}},"3":{"start":{"line":4,"column":0},"end":{"line":4,"column":53}},"4":{"start":{"line":5,"column":0},"end":{"line":5,"column":66}},"5":{"start":{"line":6,"column":0},"end":{"line":6,"column":46}},"6":{"start":{"line":19,"column":7},"end":{"line":19,"column":null}},"7":{"start":{"line":19,"column":13},"end":{"line":19,"column":24}},"8":{"start":{"line":19,"column":13},"end":{"line":19,"column":null}}},"fnMap":{},"branchMap":{},"s":{"0":4,"1":4,"2":4,"3":4,"4":4,"5":4,"6":4,"7":4,"8":4},"f":{},"b":{}}
,"C:\\Users\\sumbn\\Desktop\\Nestjs\\ecom-nestjs\\src\\modules\\users\\users.service.ts": {"path":"C:\\Users\\sumbn\\Desktop\\Nestjs\\ecom-nestjs\\src\\modules\\users\\users.service.ts","statementMap":{"0":{"start":{"line":1,"column":0},"end":{"line":1,"column":null}},"1":{"start":{"line":7,"column":0},"end":{"line":7,"column":33}},"2":{"start":{"line":8,"column":0},"end":{"line":8,"column":66}},"3":{"start":{"line":12,"column":0},"end":{"line":12,"column":47}},"4":{"start":{"line":21,"column":7},"end":{"line":188,"column":null}},"5":{"start":{"line":25,"column":21},"end":{"line":25,"column":38}},"6":{"start":{"line":26,"column":21},"end":{"line":26,"column":36}},"7":{"start":{"line":28,"column":4},"end":{"line":28,"column":78}},"8":{"start":{"line":39,"column":25},"end":{"line":40,"column":null}},"9":{"start":{"line":42,"column":4},"end":{"line":44,"column":5}},"10":{"start":{"line":43,"column":6},"end":{"line":43,"column":59}},"11":{"start":{"line":46,"column":4},"end":{"line":65,"column":5}},"12":{"start":{"line":48,"column":27},"end":{"line":50,"column":null}},"13":{"start":{"line":54,"column":19},"end":{"line":60,"column":8}},"14":{"start":{"line":62,"column":6},"end":{"line":62,"column":18}},"15":{"start":{"line":64,"column":6},"end":{"line":64,"column":76}},"16":{"start":{"line":84,"column":17},"end":{"line":84,"column":35}},"17":{"start":{"line":85,"column":27},"end":{"line":87,"column":null}},"18":{"start":{"line":90,"column":4},"end":{"line":96,"column":6}},"19":{"start":{"line":106,"column":17},"end":{"line":106,"column":62}},"20":{"start":{"line":108,"column":4},"end":{"line":110,"column":5}},"21":{"start":{"line":109,"column":6},"end":{"line":109,"column":69}},"22":{"start":{"line":112,"column":4},"end":{"line":112,"column":16}},"23":{"start":{"line":121,"column":4},"end":{"line":121,"column":51}},"24":{"start":{"line":133,"column":4},"end":{"line":133,"column":27}},"25":{"start":{"line":136,"column":4},"end":{"line":143,"column":5}},"26":{"start":{"line":137,"column":27},"end":{"line":138,"column":null}},"27":{"start":{"line":140,"column":6},"end":{"line":142,"column":7}},"28":{"start":{"line":141,"column":8},"end":{"line":141,"column":61}},"29":{"start":{"line":145,"column":24},"end":{"line":147,"column":null}},"30":{"start":{"line":150,"column":4},"end":{"line":152,"column":5}},"31":{"start":{"line":151,"column":6},"end":{"line":151,"column":70}},"32":{"start":{"line":154,"column":4},"end":{"line":154,"column":23}},"33":{"start":{"line":165,"column":4},"end":{"line":165,"column":27}},"34":{"start":{"line":167,"column":20},"end":{"line":167,"column":65}},"35":{"start":{"line":169,"column":4},"end":{"line":171,"column":5}},"36":{"start":{"line":170,"column":6},"end":{"line":170,"column":67}},"37":{"start":{"line":173,"column":4},"end":{"line":173,"column":46}},"38":{"start":{"line":186,"column":4},"end":{"line":186,"column":57}},"39":{"start":{"line":21,"column":13},"end":{"line":21,"column":25}},"40":{"start":{"line":21,"column":13},"end":{"line":188,"column":null}}},"fnMap":{"0":{"name":"(anonymous_2)","decl":{"start":{"line":24,"column":2},"end":{"line":24,"column":null}},"loc":{"start":{"line":26,"column":49},"end":{"line":29,"column":3}}},"1":{"name":"(anonymous_3)","decl":{"start":{"line":37,"column":2},"end":{"line":37,"column":7}},"loc":{"start":{"line":37,"column":43},"end":{"line":66,"column":3}}},"2":{"name":"(anonymous_4)","decl":{"start":{"line":74,"column":2},"end":{"line":74,"column":7}},"loc":{"start":{"line":76,"column":14},"end":{"line":97,"column":3}}},"3":{"name":"(anonymous_5)","decl":{"start":{"line":105,"column":2},"end":{"line":105,"column":7}},"loc":{"start":{"line":105,"column":26},"end":{"line":113,"column":3}}},"4":{"name":"(anonymous_6)","decl":{"start":{"line":120,"column":2},"end":{"line":120,"column":7}},"loc":{"start":{"line":120,"column":33},"end":{"line":122,"column":3}}},"5":{"name":"(anonymous_7)","decl":{"start":{"line":131,"column":2},"end":{"line":131,"column":7}},"loc":{"start":{"line":131,"column":55},"end":{"line":155,"column":3}}},"6":{"name":"(anonymous_8)","decl":{"start":{"line":163,"column":2},"end":{"line":163,"column":7}},"loc":{"start":{"line":163,"column":25},"end":{"line":174,"column":3}}},"7":{"name":"(anonymous_9)","decl":{"start":{"line":182,"column":2},"end":{"line":182,"column":7}},"loc":{"start":{"line":184,"column":26},"end":{"line":187,"column":3}}}},"branchMap":{"0":{"loc":{"start":{"line":28,"column":24},"end":{"line":28,"column":77}},"type":"binary-expr","locations":[{"start":{"line":28,"column":24},"end":{"line":28,"column":71}},{"start":{"line":28,"column":75},"end":{"line":28,"column":77}}]},"1":{"loc":{"start":{"line":42,"column":4},"end":{"line":44,"column":5}},"type":"if","locations":[{"start":{"line":42,"column":4},"end":{"line":44,"column":5}},{"start":{},"end":{}}]},"2":{"loc":{"start":{"line":59,"column":14},"end":{"line":59,"column":42}},"type":"binary-expr","locations":[{"start":{"line":59,"column":14},"end":{"line":59,"column":32}},{"start":{"line":59,"column":36},"end":{"line":59,"column":42}}]},"3":{"loc":{"start":{"line":75,"column":4},"end":{"line":75,"column":12}},"type":"default-arg","locations":[{"start":{"line":75,"column":11},"end":{"line":75,"column":12}}]},"4":{"loc":{"start":{"line":76,"column":4},"end":{"line":76,"column":14}},"type":"default-arg","locations":[{"start":{"line":76,"column":12},"end":{"line":76,"column":14}}]},"5":{"loc":{"start":{"line":108,"column":4},"end":{"line":110,"column":5}},"type":"if","locations":[{"start":{"line":108,"column":4},"end":{"line":110,"column":5}},{"start":{},"end":{}}]},"6":{"loc":{"start":{"line":136,"column":4},"end":{"line":143,"column":5}},"type":"if","locations":[{"start":{"line":136,"column":4},"end":{"line":143,"column":5}},{"start":{},"end":{}}]},"7":{"loc":{"start":{"line":140,"column":6},"end":{"line":142,"column":7}},"type":"if","locations":[{"start":{"line":140,"column":6},"end":{"line":142,"column":7}},{"start":{},"end":{}}]},"8":{"loc":{"start":{"line":140,"column":10},"end":{"line":140,"column":48}},"type":"binary-expr","locations":[{"start":{"line":140,"column":10},"end":{"line":140,"column":22}},{"start":{"line":140,"column":26},"end":{"line":140,"column":48}}]},"9":{"loc":{"start":{"line":150,"column":4},"end":{"line":152,"column":5}},"type":"if","locations":[{"start":{"line":150,"column":4},"end":{"line":152,"column":5}},{"start":{},"end":{}}]},"10":{"loc":{"start":{"line":169,"column":4},"end":{"line":171,"column":5}},"type":"if","locations":[{"start":{"line":169,"column":4},"end":{"line":171,"column":5}},{"start":{},"end":{}}]}},"s":{"0":13,"1":13,"2":13,"3":13,"4":13,"5":16,"6":16,"7":16,"8":2,"9":2,"10":1,"11":1,"12":1,"13":1,"14":1,"15":0,"16":1,"17":1,"18":1,"19":6,"20":6,"21":2,"22":4,"23":0,"24":2,"25":2,"26":1,"27":1,"28":1,"29":1,"30":1,"31":0,"32":1,"33":2,"34":1,"35":1,"36":0,"37":1,"38":2,"39":13,"40":13},"f":{"0":16,"1":2,"2":1,"3":6,"4":0,"5":2,"6":2,"7":2},"b":{"0":[16,0],"1":[1,1],"2":[1,1],"3":[0],"4":[0],"5":[2,4],"6":[1,1],"7":[1,0],"8":[1,1],"9":[0,1],"10":[0,1]}}
,"C:\\Users\\sumbn\\Desktop\\Nestjs\\ecom-nestjs\\src\\modules\\users\\dto\\create-user.dto.ts": {"path":"C:\\Users\\sumbn\\Desktop\\Nestjs\\ecom-nestjs\\src\\modules\\users\\dto\\create-user.dto.ts","statementMap":{"0":{"start":{"line":1,"column":0},"end":{"line":1,"column":null}},"1":{"start":{"line":16,"column":0},"end":{"line":16,"column":13}},"2":{"start":{"line":18,"column":2},"end":{"line":18,"column":null}},"3":{"start":{"line":23,"column":2},"end":{"line":23,"column":null}},"4":{"start":{"line":28,"column":2},"end":{"line":28,"column":null}},"5":{"start":{"line":33,"column":2},"end":{"line":33,"column":null}},"6":{"start":{"line":37,"column":2},"end":{"line":37,"column":null}}},"fnMap":{},"branchMap":{},"s":{"0":7,"1":7,"2":7,"3":7,"4":7,"5":7,"6":7},"f":{},"b":{}}
,"C:\\Users\\sumbn\\Desktop\\Nestjs\\ecom-nestjs\\src\\modules\\users\\dto\\update-user.dto.ts": {"path":"C:\\Users\\sumbn\\Desktop\\Nestjs\\ecom-nestjs\\src\\modules\\users\\dto\\update-user.dto.ts","statementMap":{"0":{"start":{"line":1,"column":0},"end":{"line":1,"column":61}},"1":{"start":{"line":2,"column":0},"end":{"line":2,"column":50}},"2":{"start":{"line":9,"column":0},"end":{"line":9,"column":13}}},"fnMap":{},"branchMap":{},"s":{"0":6,"1":6,"2":6},"f":{},"b":{}}
,"C:\\Users\\sumbn\\Desktop\\Nestjs\\ecom-nestjs\\src\\modules\\users\\dto\\user-response.dto.ts": {"path":"C:\\Users\\sumbn\\Desktop\\Nestjs\\ecom-nestjs\\src\\modules\\users\\dto\\user-response.dto.ts","statementMap":{"0":{"start":{"line":1,"column":0},"end":{"line":1,"column":52}},"1":{"start":{"line":41,"column":4},"end":{"line":41,"column":48}},"2":{"start":{"line":8,"column":0},"end":{"line":8,"column":13}},"3":{"start":{"line":10,"column":2},"end":{"line":10,"column":null}},"4":{"start":{"line":13,"column":2},"end":{"line":13,"column":null}},"5":{"start":{"line":16,"column":2},"end":{"line":16,"column":null}},"6":{"start":{"line":19,"column":2},"end":{"line":19,"column":null}},"7":{"start":{"line":22,"column":2},"end":{"line":22,"column":null}},"8":{"start":{"line":25,"column":2},"end":{"line":25,"column":null}},"9":{"start":{"line":28,"column":2},"end":{"line":28,"column":null}},"10":{"start":{"line":31,"column":2},"end":{"line":31,"column":null}},"11":{"start":{"line":34,"column":2},"end":{"line":34,"column":null}},"12":{"start":{"line":39,"column":2},"end":{"line":42,"column":null}}},"fnMap":{"0":{"name":"(anonymous_2)","decl":{"start":{"line":39,"column":2},"end":{"line":39,"column":3}},"loc":{"start":{"line":40,"column":14},"end":{"line":42,"column":3}}}},"branchMap":{},"s":{"0":12,"1":0,"2":12,"3":12,"4":12,"5":12,"6":12,"7":12,"8":12,"9":12,"10":12,"11":12,"12":12},"f":{"0":0},"b":{}}
,"C:\\Users\\sumbn\\Desktop\\Nestjs\\ecom-nestjs\\src\\modules\\users\\entities\\user.entity.ts": {"path":"C:\\Users\\sumbn\\Desktop\\Nestjs\\ecom-nestjs\\src\\modules\\users\\entities\\user.entity.ts","statementMap":{"0":{"start":{"line":1,"column":0},"end":{"line":1,"column":null}},"1":{"start":{"line":17,"column":7},"end":{"line":48,"column":null}},"2":{"start":{"line":17,"column":13},"end":{"line":17,"column":17}},"3":{"start":{"line":19,"column":2},"end":{"line":19,"column":null}},"4":{"start":{"line":22,"column":2},"end":{"line":22,"column":null}},"5":{"start":{"line":25,"column":2},"end":{"line":25,"column":null}},"6":{"start":{"line":28,"column":2},"end":{"line":28,"column":null}},"7":{"start":{"line":31,"column":2},"end":{"line":31,"column":null}},"8":{"start":{"line":38,"column":2},"end":{"line":38,"column":null}},"9":{"start":{"line":41,"column":2},"end":{"line":41,"column":null}},"10":{"start":{"line":44,"column":2},"end":{"line":44,"column":null}},"11":{"start":{"line":47,"column":2},"end":{"line":47,"column":null}},"12":{"start":{"line":17,"column":13},"end":{"line":48,"column":null}}},"fnMap":{},"branchMap":{},"s":{"0":18,"1":18,"2":18,"3":18,"4":18,"5":18,"6":18,"7":18,"8":18,"9":18,"10":18,"11":18,"12":18},"f":{},"b":{}}
,"C:\\Users\\sumbn\\Desktop\\Nestjs\\ecom-nestjs\\src\\modules\\users\\repositories\\users.repository.ts": {"path":"C:\\Users\\sumbn\\Desktop\\Nestjs\\ecom-nestjs\\src\\modules\\users\\repositories\\users.repository.ts","statementMap":{"0":{"start":{"line":1,"column":0},"end":{"line":1,"column":44}},"1":{"start":{"line":2,"column":0},"end":{"line":2,"column":49}},"2":{"start":{"line":3,"column":0},"end":{"line":3,"column":47}},"3":{"start":{"line":12,"column":7},"end":{"line":83,"column":null}},"4":{"start":{"line":14,"column":4},"end":{"line":14,"column":50}},"5":{"start":{"line":13,"column":22},"end":{"line":13,"column":34}},"6":{"start":{"line":23,"column":4},"end":{"line":23,"column":46}},"7":{"start":{"line":32,"column":4},"end":{"line":32,"column":59}},"8":{"start":{"line":41,"column":17},"end":{"line":41,"column":38}},"9":{"start":{"line":42,"column":4},"end":{"line":42,"column":27}},"10":{"start":{"line":55,"column":4},"end":{"line":55,"column":38}},"11":{"start":{"line":56,"column":4},"end":{"line":56,"column":43}},"12":{"start":{"line":65,"column":19},"end":{"line":65,"column":61}},"13":{"start":{"line":66,"column":4},"end":{"line":66,"column":31}},"14":{"start":{"line":76,"column":4},"end":{"line":81,"column":7}},"15":{"start":{"line":12,"column":13},"end":{"line":12,"column":28}},"16":{"start":{"line":12,"column":13},"end":{"line":83,"column":null}}},"fnMap":{"0":{"name":"(anonymous_2)","decl":{"start":{"line":13,"column":2},"end":{"line":13,"column":22}},"loc":{"start":{"line":13,"column":44},"end":{"line":15,"column":3}}},"1":{"name":"(anonymous_3)","decl":{"start":{"line":22,"column":2},"end":{"line":22,"column":7}},"loc":{"start":{"line":22,"column":33},"end":{"line":24,"column":3}}},"2":{"name":"(anonymous_4)","decl":{"start":{"line":31,"column":2},"end":{"line":31,"column":7}},"loc":{"start":{"line":31,"column":33},"end":{"line":33,"column":3}}},"3":{"name":"(anonymous_5)","decl":{"start":{"line":40,"column":2},"end":{"line":40,"column":7}},"loc":{"start":{"line":40,"column":42},"end":{"line":43,"column":3}}},"4":{"name":"(anonymous_6)","decl":{"start":{"line":51,"column":2},"end":{"line":51,"column":7}},"loc":{"start":{"line":53,"column":29},"end":{"line":57,"column":3}}},"5":{"name":"(anonymous_7)","decl":{"start":{"line":64,"column":2},"end":{"line":64,"column":7}},"loc":{"start":{"line":64,"column":33},"end":{"line":67,"column":3}}},"6":{"name":"(anonymous_8)","decl":{"start":{"line":75,"column":2},"end":{"line":75,"column":7}},"loc":{"start":{"line":75,"column":41},"end":{"line":82,"column":3}}}},"branchMap":{"0":{"loc":{"start":{"line":75,"column":22},"end":{"line":75,"column":30}},"type":"default-arg","locations":[{"start":{"line":75,"column":29},"end":{"line":75,"column":30}}]},"1":{"loc":{"start":{"line":75,"column":32},"end":{"line":75,"column":41}},"type":"default-arg","locations":[{"start":{"line":75,"column":39},"end":{"line":75,"column":41}}]}},"s":{"0":14,"1":14,"2":14,"3":14,"4":22,"5":22,"6":3,"7":3,"8":2,"9":2,"10":3,"11":3,"12":2,"13":2,"14":4,"15":14,"16":14},"f":{"0":22,"1":3,"2":3,"3":2,"4":3,"5":2,"6":4},"b":{"0":[0],"1":[0]}}
}
